2022-09-12 07:23:05.5286 INFO INICIANDO APLICACIÓN
2022-09-12 07:23:07.4259 INFO MENÚ PRINCIPAL CARGADO
2022-09-12 07:23:07.4259 INFO Valida si se tiene la base de para poder dar cambio o no
2022-09-12 07:23:11.1242 INFO MENÚ PRINCIPAL CARGADO
2022-09-12 07:23:11.1242 INFO Valida si se tiene la base de para poder dar cambio o no
2022-09-12 07:23:13.2575 INFO MENÚ PRINCIPAL CARGADO
2022-09-12 07:23:13.2575 INFO Valida si se tiene la base de para poder dar cambio o no
2022-09-12 07:23:15.2732 INFO MENÚ PRINCIPAL CARGADO
2022-09-12 07:23:15.2732 INFO Valida si se tiene la base de para poder dar cambio o no
2022-09-12 07:23:17.6823 INFO MENÚ PRINCIPAL CARGADO
2022-09-12 07:23:17.6823 INFO Valida si se tiene la base de para poder dar cambio o no
2022-09-12 07:23:19.0493 INFO CERRANDO VENTANA PRINCIPAL, sender: FacturasEnel.MainWindow
2022-09-12 07:23:19.0773 INFO CERRANDO APLICACIÓN, sender: FacturasEnel.App, e:0
2022-09-12 07:33:13.7263 INFO INICIANDO APLICACIÓN
2022-09-12 07:33:14.8534 INFO MENÚ PRINCIPAL CARGADO
2022-09-12 07:33:14.8534 INFO Valida si se tiene la base de para poder dar cambio o no
2022-09-12 07:33:18.9850 INFO MENÚ PRINCIPAL CARGADO
2022-09-12 07:33:18.9850 INFO Valida si se tiene la base de para poder dar cambio o no
2022-09-12 07:33:21.4766 INFO MENÚ PRINCIPAL CARGADO
2022-09-12 07:33:21.4766 INFO Valida si se tiene la base de para poder dar cambio o no
2022-09-12 07:33:22.4776 INFO CERRANDO VENTANA PRINCIPAL, sender: FacturasEnel.MainWindow
2022-09-12 07:33:22.5146 INFO CERRANDO APLICACIÓN, sender: FacturasEnel.App, e:0
2022-09-12 07:34:02.8219 INFO INICIANDO APLICACIÓN
2022-09-12 07:34:04.2837 INFO MENÚ PRINCIPAL CARGADO
2022-09-12 07:34:04.2837 INFO Valida si se tiene la base de para poder dar cambio o no
2022-09-12 07:34:46.5222 INFO MENÚ PRINCIPAL CARGADO
2022-09-12 07:34:46.5222 INFO Valida si se tiene la base de para poder dar cambio o no
2022-09-12 07:34:49.4766 INFO CERRANDO VENTANA PRINCIPAL, sender: FacturasEnel.MainWindow
2022-09-12 07:34:49.5156 INFO CERRANDO APLICACIÓN, sender: FacturasEnel.App, e:0
2022-09-12 07:35:23.8192 INFO INICIANDO APLICACIÓN
2022-09-12 07:35:25.2705 INFO MENÚ PRINCIPAL CARGADO
2022-09-12 07:35:25.2705 INFO Valida si se tiene la base de para poder dar cambio o no
2022-09-12 07:35:27.9841 INFO MENÚ PRINCIPAL CARGADO
2022-09-12 07:35:27.9841 INFO Valida si se tiene la base de para poder dar cambio o no
2022-09-12 07:35:30.3986 INFO MENÚ PRINCIPAL CARGADO
2022-09-12 07:35:30.3986 INFO Valida si se tiene la base de para poder dar cambio o no
2022-09-12 07:35:35.4333 INFO MENÚ PRINCIPAL CARGADO
2022-09-12 07:35:35.4343 INFO Valida si se tiene la base de para poder dar cambio o no
2022-09-12 07:35:37.5417 INFO MENÚ PRINCIPAL CARGADO
2022-09-12 07:35:37.5417 INFO Valida si se tiene la base de para poder dar cambio o no
2022-09-12 07:37:40.1115 INFO CERRANDO VENTANA PRINCIPAL, sender: FacturasEnel.MainWindow
2022-09-12 07:37:40.1655 INFO CERRANDO APLICACIÓN, sender: FacturasEnel.App, e:0
2022-09-12 07:38:17.9526 INFO INICIANDO APLICACIÓN
2022-09-12 07:38:19.3605 INFO MENÚ PRINCIPAL CARGADO
2022-09-12 07:38:19.3605 INFO Valida si se tiene la base de para poder dar cambio o no
2022-09-12 07:38:24.4350 INFO CERRANDO VENTANA PRINCIPAL, sender: FacturasEnel.MainWindow
2022-09-12 07:38:24.4710 INFO CERRANDO APLICACIÓN, sender: FacturasEnel.App, e:0
2022-09-12 07:38:38.4781 INFO INICIANDO APLICACIÓN
2022-09-12 07:38:40.0353 INFO MENÚ PRINCIPAL CARGADO
2022-09-12 07:38:40.0353 INFO Valida si se tiene la base de para poder dar cambio o no
2022-09-12 07:38:43.6676 INFO MENÚ PRINCIPAL CARGADO
2022-09-12 07:38:43.6686 INFO Valida si se tiene la base de para poder dar cambio o no
2022-09-12 07:38:46.0218 INFO MENÚ PRINCIPAL CARGADO
2022-09-12 07:38:46.0218 INFO Valida si se tiene la base de para poder dar cambio o no
2022-09-12 07:43:28.0396 INFO MENÚ PRINCIPAL CARGADO
2022-09-12 07:43:28.0396 INFO Valida si se tiene la base de para poder dar cambio o no
2022-09-12 07:43:29.7596 INFO MENÚ PRINCIPAL CARGADO
2022-09-12 07:43:29.7596 INFO Valida si se tiene la base de para poder dar cambio o no
2022-09-12 07:43:32.1178 INFO MENÚ PRINCIPAL CARGADO
2022-09-12 07:43:32.1178 INFO Valida si se tiene la base de para poder dar cambio o no
2022-09-12 07:43:34.1188 INFO MENÚ PRINCIPAL CARGADO
2022-09-12 07:43:34.1318 INFO Valida si se tiene la base de para poder dar cambio o no
2022-09-12 07:43:36.8278 INFO MENÚ PRINCIPAL CARGADO
2022-09-12 07:43:36.8278 INFO Valida si se tiene la base de para poder dar cambio o no
2022-09-12 07:43:48.9143 INFO CERRANDO VENTANA PRINCIPAL, sender: FacturasEnel.MainWindow
2022-09-12 07:43:48.9523 INFO CERRANDO APLICACIÓN, sender: FacturasEnel.App, e:0
2022-09-12 07:45:50.6803 INFO INICIANDO APLICACIÓN
2022-09-12 07:45:51.8234 INFO MENÚ PRINCIPAL CARGADO
2022-09-12 07:45:51.8244 INFO Valida si se tiene la base de para poder dar cambio o no
2022-09-12 07:56:39.3898 INFO CERRANDO VENTANA PRINCIPAL, sender: FacturasEnel.MainWindow
2022-09-12 07:56:39.4228 INFO CERRANDO APLICACIÓN, sender: FacturasEnel.App, e:0
2022-09-12 07:59:39.8356 INFO INICIANDO APLICACIÓN
2022-09-12 07:59:41.2234 INFO MENÚ PRINCIPAL CARGADO
2022-09-12 07:59:41.2234 INFO Valida si se tiene la base de para poder dar cambio o no
2022-09-12 07:59:44.0991 INFO MENÚ PRINCIPAL CARGADO
2022-09-12 07:59:44.0991 INFO Valida si se tiene la base de para poder dar cambio o no
2022-09-12 07:59:45.8352 INFO MENÚ PRINCIPAL CARGADO
2022-09-12 07:59:45.8352 INFO Valida si se tiene la base de para poder dar cambio o no
2022-09-12 07:59:47.6272 INFO MENÚ PRINCIPAL CARGADO
2022-09-12 07:59:47.6272 INFO Valida si se tiene la base de para poder dar cambio o no
2022-09-12 07:59:49.6831 INFO CERRANDO VENTANA PRINCIPAL, sender: FacturasEnel.MainWindow
2022-09-12 07:59:49.7231 INFO CERRANDO APLICACIÓN, sender: FacturasEnel.App, e:0
2022-09-12 08:01:20.5279 INFO INICIANDO APLICACIÓN
2022-09-12 08:01:21.6485 INFO MENÚ PRINCIPAL CARGADO
2022-09-12 08:01:21.6485 INFO Valida si se tiene la base de para poder dar cambio o no
2022-09-12 08:01:31.6205 INFO MENÚ PRINCIPAL CARGADO
2022-09-12 08:01:31.6215 INFO Valida si se tiene la base de para poder dar cambio o no
2022-09-12 08:01:33.3787 INFO CERRANDO VENTANA PRINCIPAL, sender: FacturasEnel.MainWindow
2022-09-12 08:01:33.4257 INFO CERRANDO APLICACIÓN, sender: FacturasEnel.App, e:0
2022-09-12 08:11:41.8127 INFO INICIANDO APLICACIÓN
2022-09-12 08:11:43.0894 INFO MENÚ PRINCIPAL CARGADO
2022-09-12 08:11:43.0904 INFO Valida si se tiene la base de para poder dar cambio o no
2022-09-12 08:12:01.5652 INFO MENÚ PRINCIPAL CARGADO
2022-09-12 08:12:01.5652 INFO Valida si se tiene la base de para poder dar cambio o no
2022-09-12 08:12:20.9576 INFO CERRANDO VENTANA PRINCIPAL, sender: FacturasEnel.MainWindow
2022-09-12 08:12:20.9906 INFO CERRANDO APLICACIÓN, sender: FacturasEnel.App, e:0
2022-09-12 08:14:01.0865 INFO INICIANDO APLICACIÓN
2022-09-12 08:14:02.9469 INFO MENÚ PRINCIPAL CARGADO
2022-09-12 08:14:02.9469 INFO Valida si se tiene la base de para poder dar cambio o no
2022-09-12 08:14:04.4402 INFO CERRANDO VENTANA PRINCIPAL, sender: FacturasEnel.MainWindow
2022-09-12 08:14:04.4987 INFO CERRANDO APLICACIÓN, sender: FacturasEnel.App, e:0
2022-09-12 08:21:03.2264 INFO INICIANDO APLICACIÓN
2022-09-12 08:21:05.6495 INFO MENÚ PRINCIPAL CARGADO
2022-09-12 08:21:05.6495 INFO Valida si se tiene la base de para poder dar cambio o no
2022-09-12 08:21:43.8353 INFO IMPRIMIENDO RECIBO
2022-09-12 08:21:58.3957 INFO MENÚ PRINCIPAL CARGADO
2022-09-12 08:21:58.3957 INFO Valida si se tiene la base de para poder dar cambio o no
2022-09-12 08:22:36.3250 INFO IMPRIMIENDO RECIBO
2022-09-12 08:22:47.5678 INFO MENÚ PRINCIPAL CARGADO
2022-09-12 08:22:47.5678 INFO Valida si se tiene la base de para poder dar cambio o no
2022-09-12 08:23:38.5448 INFO IMPRIMIENDO RECIBO
2022-09-12 08:23:49.8451 INFO MENÚ PRINCIPAL CARGADO
2022-09-12 08:23:49.8451 INFO Valida si se tiene la base de para poder dar cambio o no
2022-09-12 08:23:55.8268 INFO MENÚ PRINCIPAL CARGADO
2022-09-12 08:23:55.8268 INFO Valida si se tiene la base de para poder dar cambio o no
2022-09-12 08:23:58.4240 INFO MENÚ PRINCIPAL CARGADO
2022-09-12 08:23:58.4240 INFO Valida si se tiene la base de para poder dar cambio o no
2022-09-12 08:24:00.8547 INFO MENÚ PRINCIPAL CARGADO
2022-09-12 08:24:00.8557 INFO Valida si se tiene la base de para poder dar cambio o no
2022-09-12 08:24:06.1722 INFO CERRANDO VENTANA PRINCIPAL, sender: FacturasEnel.MainWindow
2022-09-12 08:24:06.2051 INFO CERRANDO APLICACIÓN, sender: FacturasEnel.App, e:0
2022-09-12 08:49:46.7741 INFO INICIANDO APLICACIÓN
2022-09-12 08:49:47.8216 INFO MENÚ PRINCIPAL CARGADO
2022-09-12 08:49:47.8216 INFO Valida si se tiene la base de para poder dar cambio o no
2022-09-12 08:49:56.3818 INFO CERRANDO VENTANA PRINCIPAL, sender: FacturasEnel.MainWindow
2022-09-12 08:49:56.4074 INFO CERRANDO APLICACIÓN, sender: FacturasEnel.App, e:0
2022-09-12 08:50:19.0052 INFO INICIANDO APLICACIÓN
2022-09-12 08:50:20.1403 INFO MENÚ PRINCIPAL CARGADO
2022-09-12 08:50:20.1403 INFO Valida si se tiene la base de para poder dar cambio o no
2022-09-12 08:50:48.2556 INFO MENÚ PRINCIPAL CARGADO
2022-09-12 08:50:48.2556 INFO Valida si se tiene la base de para poder dar cambio o no
2022-09-12 08:50:48.8866 INFO CERRANDO VENTANA PRINCIPAL, sender: FacturasEnel.MainWindow
2022-09-12 08:50:48.9016 INFO CERRANDO APLICACIÓN, sender: FacturasEnel.App, e:0
2022-09-12 08:51:01.8708 INFO INICIANDO APLICACIÓN
2022-09-12 08:51:03.1418 INFO MENÚ PRINCIPAL CARGADO
2022-09-12 08:51:03.1418 INFO Valida si se tiene la base de para poder dar cambio o no
2022-09-12 08:55:44.2899 INFO INICIANDO APLICACIÓN
2022-09-12 08:55:45.5657 INFO MENÚ PRINCIPAL CARGADO
2022-09-12 08:55:45.5657 INFO Valida si se tiene la base de para poder dar cambio o no
2022-09-12 08:55:58.0757 INFO CERRANDO VENTANA PRINCIPAL, sender: FacturasEnel.MainWindow
2022-09-12 08:55:58.1007 INFO Runtime terminating: True
2022-09-12 08:55:58.1007 ERROR UnhandledExceptionHandler
2022-09-12 08:56:07.8634 INFO INICIANDO APLICACIÓN
2022-09-12 08:56:08.9177 INFO MENÚ PRINCIPAL CARGADO
2022-09-12 08:56:08.9187 INFO Valida si se tiene la base de para poder dar cambio o no
2022-09-12 08:56:17.0291 INFO CERRANDO VENTANA PRINCIPAL, sender: FacturasEnel.MainWindow
2022-09-12 08:56:17.0740 INFO CERRANDO APLICACIÓN, sender: FacturasEnel.App, e:0
2022-09-12 08:59:12.3329 INFO INICIANDO APLICACIÓN
2022-09-12 08:59:13.4181 INFO MENÚ PRINCIPAL CARGADO
2022-09-12 08:59:13.4181 INFO Valida si se tiene la base de para poder dar cambio o no
2022-09-12 08:59:26.7383 INFO MENÚ PRINCIPAL CARGADO
2022-09-12 08:59:26.7383 INFO Valida si se tiene la base de para poder dar cambio o no
2022-09-12 08:59:28.4048 INFO CERRANDO VENTANA PRINCIPAL, sender: FacturasEnel.MainWindow
2022-09-12 08:59:28.4518 INFO CERRANDO APLICACIÓN, sender: FacturasEnel.App, e:0
2022-09-12 09:00:26.7437 INFO INICIANDO APLICACIÓN
2022-09-12 09:00:27.7307 INFO MENÚ PRINCIPAL CARGADO
2022-09-12 09:00:27.7307 INFO Valida si se tiene la base de para poder dar cambio o no
2022-09-12 09:00:32.8513 INFO CERRANDO VENTANA PRINCIPAL, sender: FacturasEnel.MainWindow
2022-09-12 09:00:32.9082 INFO CERRANDO APLICACIÓN, sender: FacturasEnel.App, e:0
2022-09-12 09:01:05.6656 INFO INICIANDO APLICACIÓN
2022-09-12 09:01:06.6117 INFO MENÚ PRINCIPAL CARGADO
2022-09-12 09:01:06.6117 INFO Valida si se tiene la base de para poder dar cambio o no
2022-09-12 09:01:35.1731 INFO CERRANDO VENTANA PRINCIPAL, sender: FacturasEnel.MainWindow
2022-09-12 09:01:35.1731 INFO Runtime terminating: True
2022-09-12 09:01:35.1841 ERROR UnhandledExceptionHandler
2022-09-12 09:01:51.7496 INFO INICIANDO APLICACIÓN
2022-09-12 09:01:52.6725 INFO MENÚ PRINCIPAL CARGADO
2022-09-12 09:01:52.6725 INFO Valida si se tiene la base de para poder dar cambio o no
2022-09-12 09:02:37.2737 INFO INICIANDO APLICACIÓN
2022-09-12 09:02:38.2797 INFO MENÚ PRINCIPAL CARGADO
2022-09-12 09:02:38.2797 INFO Valida si se tiene la base de para poder dar cambio o no
2022-09-12 09:02:40.2600 INFO MENÚ PRINCIPAL CARGADO
2022-09-12 09:02:40.2600 INFO Valida si se tiene la base de para poder dar cambio o no
2022-09-12 09:02:41.9305 INFO MENÚ PRINCIPAL CARGADO
2022-09-12 09:02:41.9305 INFO Valida si se tiene la base de para poder dar cambio o no
2022-09-12 09:02:46.6156 INFO MENÚ PRINCIPAL CARGADO
2022-09-12 09:02:46.6156 INFO Valida si se tiene la base de para poder dar cambio o no
2022-09-12 09:03:49.5954 INFO INICIANDO APLICACIÓN
2022-09-12 09:03:50.4950 INFO MENÚ PRINCIPAL CARGADO
2022-09-12 09:03:50.4950 INFO Valida si se tiene la base de para poder dar cambio o no
2022-09-12 09:03:59.6658 INFO MENÚ PRINCIPAL CARGADO
2022-09-12 09:03:59.6658 INFO Valida si se tiene la base de para poder dar cambio o no
2022-09-12 09:04:15.3908 INFO MENÚ PRINCIPAL CARGADO
2022-09-12 09:04:15.3908 INFO Valida si se tiene la base de para poder dar cambio o no
2022-09-12 09:04:17.0075 INFO CERRANDO VENTANA PRINCIPAL, sender: FacturasEnel.MainWindow
2022-09-12 09:04:17.0465 INFO CERRANDO APLICACIÓN, sender: FacturasEnel.App, e:0
2022-09-12 09:37:34.1252 INFO INICIANDO APLICACIÓN
2022-09-12 09:37:35.8431 INFO MENÚ PRINCIPAL CARGADO
2022-09-12 09:37:35.8431 INFO Valida si se tiene la base de para poder dar cambio o no
2022-09-12 09:37:41.9626 INFO CERRANDO VENTANA PRINCIPAL, sender: FacturasEnel.MainWindow
2022-09-12 09:37:42.0346 INFO CERRANDO APLICACIÓN, sender: FacturasEnel.App, e:0
2022-09-12 09:39:20.9173 INFO INICIANDO APLICACIÓN
2022-09-12 09:39:22.6592 INFO MENÚ PRINCIPAL CARGADO
2022-09-12 09:39:22.6592 INFO Valida si se tiene la base de para poder dar cambio o no
2022-09-12 09:40:14.8860 INFO MENÚ PRINCIPAL CARGADO
2022-09-12 09:40:14.8870 INFO Valida si se tiene la base de para poder dar cambio o no
2022-09-12 09:40:17.4156 INFO MENÚ PRINCIPAL CARGADO
2022-09-12 09:40:17.4156 INFO Valida si se tiene la base de para poder dar cambio o no
2022-09-12 09:40:21.4494 INFO CERRANDO VENTANA PRINCIPAL, sender: FacturasEnel.MainWindow
2022-09-12 09:40:21.4784 INFO CERRANDO APLICACIÓN, sender: FacturasEnel.App, e:0
2022-09-12 09:40:49.0294 INFO INICIANDO APLICACIÓN
2022-09-12 09:40:50.9929 INFO MENÚ PRINCIPAL CARGADO
2022-09-12 09:40:50.9929 INFO Valida si se tiene la base de para poder dar cambio o no
2022-09-12 09:40:59.1224 INFO CERRANDO VENTANA PRINCIPAL, sender: FacturasEnel.MainWindow
2022-09-12 09:40:59.1584 INFO CERRANDO APLICACIÓN, sender: FacturasEnel.App, e:0
2022-09-12 09:41:19.6272 INFO INICIANDO APLICACIÓN
2022-09-12 09:41:20.7923 INFO MENÚ PRINCIPAL CARGADO
2022-09-12 09:41:20.7983 INFO Valida si se tiene la base de para poder dar cambio o no
2022-09-12 09:41:27.4176 INFO CERRANDO VENTANA PRINCIPAL, sender: FacturasEnel.MainWindow
2022-09-12 09:41:27.4506 INFO CERRANDO APLICACIÓN, sender: FacturasEnel.App, e:0
2022-09-12 09:41:27.9611 ERROR InsertarEstadisticaAsyncSinEspera
2022-09-12 09:41:31.1811 INFO INICIANDO APLICACIÓN
2022-09-12 09:41:32.5828 INFO MENÚ PRINCIPAL CARGADO
2022-09-12 09:41:32.5828 INFO Valida si se tiene la base de para poder dar cambio o no
2022-09-12 09:41:35.0403 INFO MENÚ PRINCIPAL CARGADO
2022-09-12 09:41:35.0403 INFO Valida si se tiene la base de para poder dar cambio o no
2022-09-12 09:41:36.8649 INFO CERRANDO VENTANA PRINCIPAL, sender: FacturasEnel.MainWindow
2022-09-12 09:41:36.8809 INFO CERRANDO APLICACIÓN, sender: FacturasEnel.App, e:0
2022-09-12 09:42:36.8647 INFO INICIANDO APLICACIÓN
2022-09-12 09:42:39.2965 INFO MENÚ PRINCIPAL CARGADO
2022-09-12 09:42:39.2965 INFO Valida si se tiene la base de para poder dar cambio o no
2022-09-12 09:42:42.0657 INFO MENÚ PRINCIPAL CARGADO
2022-09-12 09:42:42.0657 INFO Valida si se tiene la base de para poder dar cambio o no
2022-09-12 09:42:43.4768 INFO MENÚ PRINCIPAL CARGADO
2022-09-12 09:42:43.4768 INFO Valida si se tiene la base de para poder dar cambio o no
2022-09-12 09:42:48.2577 INFO MENÚ PRINCIPAL CARGADO
2022-09-12 09:42:48.2577 INFO Valida si se tiene la base de para poder dar cambio o no
2022-09-12 09:42:53.3687 INFO MENÚ PRINCIPAL CARGADO
2022-09-12 09:42:53.3687 INFO Valida si se tiene la base de para poder dar cambio o no
2022-09-12 09:42:54.9126 INFO CERRANDO VENTANA PRINCIPAL, sender: FacturasEnel.MainWindow
2022-09-12 09:42:54.9651 INFO CERRANDO APLICACIÓN, sender: FacturasEnel.App, e:0
2022-09-12 10:04:23.6513 INFO INICIANDO APLICACIÓN
2022-09-12 10:04:26.4663 INFO MENÚ PRINCIPAL CARGADO
2022-09-12 10:04:26.4663 INFO Valida si se tiene la base de para poder dar cambio o no
2022-09-12 10:04:49.5276 INFO MENÚ PRINCIPAL CARGADO
2022-09-12 10:04:49.5276 INFO Valida si se tiene la base de para poder dar cambio o no
2022-09-12 10:04:50.4642 INFO CERRANDO VENTANA PRINCIPAL, sender: FacturasEnel.MainWindow
2022-09-12 10:04:50.4969 INFO CERRANDO APLICACIÓN, sender: FacturasEnel.App, e:0
2022-09-12 10:09:20.2288 INFO INICIANDO APLICACIÓN
2022-09-12 10:09:21.3873 INFO MENÚ PRINCIPAL CARGADO
2022-09-12 10:09:21.3873 INFO Valida si se tiene la base de para poder dar cambio o no
2022-09-12 10:09:35.9359 INFO CERRANDO VENTANA PRINCIPAL, sender: FacturasEnel.MainWindow
2022-09-12 10:09:35.9989 INFO CERRANDO APLICACIÓN, sender: FacturasEnel.App, e:0
2022-09-12 12:01:29.4694 INFO INICIANDO APLICACIÓN
2022-09-12 12:01:30.4635 INFO MENÚ PRINCIPAL CARGADO
2022-09-12 12:01:30.4635 INFO Valida si se tiene la base de para poder dar cambio o no
2022-09-12 12:01:36.1189 INFO MENÚ PRINCIPAL CARGADO
2022-09-12 12:01:36.1189 INFO Valida si se tiene la base de para poder dar cambio o no
2022-09-12 12:01:38.0945 INFO MENÚ PRINCIPAL CARGADO
2022-09-12 12:01:38.0945 INFO Valida si se tiene la base de para poder dar cambio o no
2022-09-12 12:01:42.1681 INFO MENÚ PRINCIPAL CARGADO
2022-09-12 12:01:42.1681 INFO Valida si se tiene la base de para poder dar cambio o no
2022-09-12 12:02:02.6572 INFO MENÚ PRINCIPAL CARGADO
2022-09-12 12:02:02.6572 INFO Valida si se tiene la base de para poder dar cambio o no
2022-09-12 12:02:04.2091 INFO CERRANDO VENTANA PRINCIPAL, sender: FacturasEnel.MainWindow
2022-09-12 12:02:04.2511 INFO CERRANDO APLICACIÓN, sender: FacturasEnel.App, e:0
2022-09-12 13:34:26.1749 INFO INICIANDO APLICACIÓN
2022-09-12 13:34:27.3274 INFO MENÚ PRINCIPAL CARGADO
2022-09-12 13:34:27.3274 INFO Valida si se tiene la base de para poder dar cambio o no
2022-09-12 13:34:40.9400 INFO CERRANDO VENTANA PRINCIPAL, sender: FacturasEnel.MainWindow
2022-09-12 13:34:40.9800 INFO CERRANDO APLICACIÓN, sender: FacturasEnel.App, e:0
2022-09-12 13:34:49.0102 INFO INICIANDO APLICACIÓN
2022-09-12 13:34:49.9631 INFO MENÚ PRINCIPAL CARGADO
2022-09-12 13:34:49.9631 INFO Valida si se tiene la base de para poder dar cambio o no
2022-09-12 13:35:25.2914 INFO CERRANDO VENTANA PRINCIPAL, sender: FacturasEnel.MainWindow
2022-09-12 13:35:25.3414 INFO CERRANDO APLICACIÓN, sender: FacturasEnel.App, e:0
2022-09-12 13:36:04.5585 INFO INICIANDO APLICACIÓN
2022-09-12 13:36:05.6244 INFO MENÚ PRINCIPAL CARGADO
2022-09-12 13:36:05.6244 INFO Valida si se tiene la base de para poder dar cambio o no
2022-09-12 13:36:21.0107 INFO CERRANDO VENTANA PRINCIPAL, sender: FacturasEnel.MainWindow
2022-09-12 13:36:21.0376 INFO CERRANDO APLICACIÓN, sender: FacturasEnel.App, e:0
2022-09-12 13:37:26.2332 INFO INICIANDO APLICACIÓN
2022-09-12 13:37:27.3947 INFO MENÚ PRINCIPAL CARGADO
2022-09-12 13:37:27.3947 INFO Valida si se tiene la base de para poder dar cambio o no
2022-09-12 13:38:57.4003 INFO IMPRIMIENDO RECIBO
2022-09-12 13:39:19.6581 INFO MENÚ PRINCIPAL CARGADO
2022-09-12 13:39:19.6581 INFO Valida si se tiene la base de para poder dar cambio o no
2022-09-12 13:39:42.8487 INFO CERRANDO VENTANA PRINCIPAL, sender: FacturasEnel.MainWindow
2022-09-12 13:39:42.8677 INFO CERRANDO APLICACIÓN, sender: FacturasEnel.App, e:0
2022-09-12 13:39:46.2776 INFO INICIANDO APLICACIÓN
2022-09-12 13:39:47.3422 INFO MENÚ PRINCIPAL CARGADO
2022-09-12 13:39:47.3422 INFO Valida si se tiene la base de para poder dar cambio o no
2022-09-12 13:40:22.9849 INFO CERRANDO VENTANA PRINCIPAL, sender: FacturasEnel.MainWindow
2022-09-12 13:40:23.0179 INFO CERRANDO APLICACIÓN, sender: FacturasEnel.App, e:0
2022-09-12 13:40:51.3269 INFO INICIANDO APLICACIÓN
2022-09-12 13:40:52.2168 INFO MENÚ PRINCIPAL CARGADO
2022-09-12 13:40:52.2168 INFO Valida si se tiene la base de para poder dar cambio o no
2022-09-12 13:41:00.8417 INFO MENÚ PRINCIPAL CARGADO
2022-09-12 13:41:00.8417 INFO Valida si se tiene la base de para poder dar cambio o no
2022-09-12 13:41:01.3047 INFO CERRANDO VENTANA PRINCIPAL, sender: FacturasEnel.MainWindow
2022-09-12 13:41:01.3337 INFO CERRANDO APLICACIÓN, sender: FacturasEnel.App, e:0
2022-09-12 13:41:59.1053 INFO INICIANDO APLICACIÓN
2022-09-12 13:42:00.1199 INFO MENÚ PRINCIPAL CARGADO
2022-09-12 13:42:00.1199 INFO Valida si se tiene la base de para poder dar cambio o no
2022-09-12 13:42:04.8554 INFO MENÚ PRINCIPAL CARGADO
2022-09-12 13:42:04.8564 INFO Valida si se tiene la base de para poder dar cambio o no
2022-09-12 13:42:06.7034 INFO MENÚ PRINCIPAL CARGADO
2022-09-12 13:42:06.7034 INFO Valida si se tiene la base de para poder dar cambio o no
2022-09-12 13:42:08.1349 INFO MENÚ PRINCIPAL CARGADO
2022-09-12 13:42:08.1349 INFO Valida si se tiene la base de para poder dar cambio o no
2022-09-12 13:42:09.4760 INFO MENÚ PRINCIPAL CARGADO
2022-09-12 13:42:09.4760 INFO Valida si se tiene la base de para poder dar cambio o no
2022-09-12 13:42:11.8571 INFO CERRANDO VENTANA PRINCIPAL, sender: FacturasEnel.MainWindow
2022-09-12 13:42:11.9021 INFO CERRANDO APLICACIÓN, sender: FacturasEnel.App, e:0
2022-09-12 13:47:43.8544 INFO INICIANDO APLICACIÓN
2022-09-12 13:47:44.7041 INFO MENÚ PRINCIPAL CARGADO
2022-09-12 13:47:44.7041 INFO Valida si se tiene la base de para poder dar cambio o no
2022-09-12 13:49:19.4464 INFO MENÚ PRINCIPAL CARGADO
2022-09-12 13:49:19.4464 INFO Valida si se tiene la base de para poder dar cambio o no
2022-09-12 13:49:21.3859 INFO MENÚ PRINCIPAL CARGADO
2022-09-12 13:49:21.3859 INFO Valida si se tiene la base de para poder dar cambio o no
2022-09-12 13:49:23.1303 INFO MENÚ PRINCIPAL CARGADO
2022-09-12 13:49:23.1303 INFO Valida si se tiene la base de para poder dar cambio o no
2022-09-12 13:49:23.7249 INFO CERRANDO VENTANA PRINCIPAL, sender: FacturasEnel.MainWindow
2022-09-12 13:49:23.7549 INFO CERRANDO APLICACIÓN, sender: FacturasEnel.App, e:0
2022-09-12 13:52:40.9689 INFO INICIANDO APLICACIÓN
2022-09-12 13:52:42.0630 INFO MENÚ PRINCIPAL CARGADO
2022-09-12 13:52:42.0630 INFO Valida si se tiene la base de para poder dar cambio o no
2022-09-12 13:52:44.2049 INFO MENÚ PRINCIPAL CARGADO
2022-09-12 13:52:44.2049 INFO Valida si se tiene la base de para poder dar cambio o no
2022-09-12 13:52:46.8430 INFO MENÚ PRINCIPAL CARGADO
2022-09-12 13:52:46.8430 INFO Valida si se tiene la base de para poder dar cambio o no
2022-09-12 13:52:49.3056 INFO MENÚ PRINCIPAL CARGADO
2022-09-12 13:52:49.3056 INFO Valida si se tiene la base de para poder dar cambio o no
2022-09-12 13:52:54.7222 INFO MENÚ PRINCIPAL CARGADO
2022-09-12 13:52:54.7222 INFO Valida si se tiene la base de para poder dar cambio o no
2022-09-12 13:52:57.8391 INFO CERRANDO VENTANA PRINCIPAL, sender: FacturasEnel.MainWindow
2022-09-12 13:52:57.8966 INFO CERRANDO APLICACIÓN, sender: FacturasEnel.App, e:0
2022-09-12 13:53:13.1126 INFO INICIANDO APLICACIÓN
2022-09-12 13:53:14.2134 INFO MENÚ PRINCIPAL CARGADO
2022-09-12 13:53:14.2134 INFO Valida si se tiene la base de para poder dar cambio o no
2022-09-12 13:53:20.0893 INFO MENÚ PRINCIPAL CARGADO
2022-09-12 13:53:20.0913 INFO Valida si se tiene la base de para poder dar cambio o no
2022-09-12 13:53:21.5875 INFO CERRANDO VENTANA PRINCIPAL, sender: FacturasEnel.MainWindow
2022-09-12 13:53:21.6335 INFO CERRANDO APLICACIÓN, sender: FacturasEnel.App, e:0
2022-09-12 13:55:49.2412 INFO INICIANDO APLICACIÓN
2022-09-12 13:55:50.2138 INFO MENÚ PRINCIPAL CARGADO
2022-09-12 13:55:50.2138 INFO Valida si se tiene la base de para poder dar cambio o no
2022-09-12 13:55:52.3246 INFO MENÚ PRINCIPAL CARGADO
2022-09-12 13:55:52.3246 INFO Valida si se tiene la base de para poder dar cambio o no
2022-09-12 13:55:53.8938 INFO MENÚ PRINCIPAL CARGADO
2022-09-12 13:55:53.8938 INFO Valida si se tiene la base de para poder dar cambio o no
2022-09-12 13:55:55.5243 INFO MENÚ PRINCIPAL CARGADO
2022-09-12 13:55:55.5243 INFO Valida si se tiene la base de para poder dar cambio o no
2022-09-12 13:55:57.3299 INFO MENÚ PRINCIPAL CARGADO
2022-09-12 13:55:57.3299 INFO Valida si se tiene la base de para poder dar cambio o no
2022-09-12 13:55:59.7975 INFO MENÚ PRINCIPAL CARGADO
2022-09-12 13:55:59.7975 INFO Valida si se tiene la base de para poder dar cambio o no
2022-09-12 13:57:42.8161 INFO MENÚ PRINCIPAL CARGADO
2022-09-12 13:57:42.8161 INFO Valida si se tiene la base de para poder dar cambio o no
2022-09-12 13:57:44.8372 INFO MENÚ PRINCIPAL CARGADO
2022-09-12 13:57:44.8372 INFO Valida si se tiene la base de para poder dar cambio o no
2022-09-12 13:57:49.0702 INFO MENÚ PRINCIPAL CARGADO
2022-09-12 13:57:49.0702 INFO Valida si se tiene la base de para poder dar cambio o no
2022-09-12 13:57:50.0536 INFO CERRANDO VENTANA PRINCIPAL, sender: FacturasEnel.MainWindow
2022-09-12 13:57:50.1102 INFO CERRANDO APLICACIÓN, sender: FacturasEnel.App, e:0
