2023-12-06 08:18:11.9099 INFO INICIANDO APLICACIÓN
2023-12-06 08:18:12.2224 ERROR Error en la consulta del archivo de configuración Kiosco BAZ
2023-12-06 08:18:13.2537 INFO MENÚ PRINCIPAL CARGADO
2023-12-06 08:18:13.2537 INFO Valida si se tiene la base de para poder dar cambio o no
2023-12-06 08:36:02.8182 INFO INICIANDO APLICACIÓN
2023-12-06 08:36:03.0231 ERROR Error en la consulta del archivo de configuración Kiosco BAZ
2023-12-06 08:36:03.5627 INFO MENÚ PRINCIPAL CARGADO
2023-12-06 08:36:03.5627 INFO Valida si se tiene la base de para poder dar cambio o no
2023-12-06 08:36:58.2502 INFO INICIANDO APLICACIÓN
2023-12-06 08:36:58.6122 ERROR Error en la consulta del archivo de configuración Kiosco BAZ
2023-12-06 08:36:59.2239 INFO MENÚ PRINCIPAL CARGADO
2023-12-06 08:36:59.2239 INFO Valida si se tiene la base de para poder dar cambio o no
2023-12-06 08:39:42.0536 INFO INICIANDO APLICACIÓN
2023-12-06 08:39:42.3679 ERROR Error en la consulta del archivo de configuración Kiosco BAZ
2023-12-06 08:39:42.9058 INFO MENÚ PRINCIPAL CARGADO
2023-12-06 08:39:42.9058 INFO Valida si se tiene la base de para poder dar cambio o no
2023-12-06 08:43:15.1858 INFO INICIANDO APLICACIÓN
2023-12-06 08:43:15.4201 ERROR Error en la consulta del archivo de configuración Kiosco BAZ
2023-12-06 08:43:16.2686 INFO MENÚ PRINCIPAL CARGADO
2023-12-06 08:43:16.2686 INFO Valida si se tiene la base de para poder dar cambio o no
2023-12-06 09:09:36.9690 INFO INICIANDO APLICACIÓN
2023-12-06 09:09:37.1408 ERROR Error en la consulta del archivo de configuración Kiosco BAZ
2023-12-06 09:09:37.7346 INFO MENÚ PRINCIPAL CARGADO
2023-12-06 09:09:37.7346 INFO Valida si se tiene la base de para poder dar cambio o no
2023-12-06 09:10:22.5400 INFO INICIANDO APLICACIÓN
2023-12-06 09:10:22.9078 ERROR Error en la consulta del archivo de configuración Kiosco BAZ
2023-12-06 09:10:23.5465 INFO MENÚ PRINCIPAL CARGADO
2023-12-06 09:10:23.5465 INFO Valida si se tiene la base de para poder dar cambio o no
2023-12-06 09:11:31.1291 INFO INICIANDO APLICACIÓN
2023-12-06 09:11:31.4260 ERROR Error en la consulta del archivo de configuración Kiosco BAZ
2023-12-06 09:11:32.3023 INFO MENÚ PRINCIPAL CARGADO
2023-12-06 09:11:32.3023 INFO Valida si se tiene la base de para poder dar cambio o no
2023-12-06 10:11:42.6844 INFO INICIANDO APLICACIÓN
2023-12-06 10:11:42.9813 ERROR Error en la consulta del archivo de configuración Kiosco BAZ
2023-12-06 10:11:44.6411 INFO MENÚ PRINCIPAL CARGADO
2023-12-06 10:11:44.6411 INFO Valida si se tiene la base de para poder dar cambio o no
2023-12-06 10:15:53.5332 INFO INICIANDO APLICACIÓN
2023-12-06 10:15:53.6959 ERROR Error en la consulta del archivo de configuración Kiosco BAZ
2023-12-06 10:15:54.5664 INFO MENÚ PRINCIPAL CARGADO
2023-12-06 10:15:54.5664 INFO Valida si se tiene la base de para poder dar cambio o no
2023-12-06 10:20:32.1306 INFO INICIANDO APLICACIÓN
2023-12-06 10:20:32.3806 ERROR Error en la consulta del archivo de configuración Kiosco BAZ
2023-12-06 10:20:33.1842 INFO MENÚ PRINCIPAL CARGADO
2023-12-06 10:20:33.1842 INFO Valida si se tiene la base de para poder dar cambio o no
2023-12-06 10:26:05.5033 INFO INICIANDO APLICACIÓN
2023-12-06 10:26:05.6908 ERROR Error en la consulta del archivo de configuración Kiosco BAZ
2023-12-06 10:26:06.5404 INFO MENÚ PRINCIPAL CARGADO
2023-12-06 10:26:06.5404 INFO Valida si se tiene la base de para poder dar cambio o no
2023-12-06 10:50:44.3792 INFO INICIANDO APLICACIÓN
2023-12-06 10:50:44.6350 ERROR Error en la consulta del archivo de configuración Kiosco BAZ
2023-12-06 10:50:45.2205 INFO MENÚ PRINCIPAL CARGADO
2023-12-06 10:50:45.2205 INFO Valida si se tiene la base de para poder dar cambio o no
2023-12-06 10:54:06.0253 INFO INICIANDO APLICACIÓN
2023-12-06 10:54:06.2830 ERROR Error en la consulta del archivo de configuración Kiosco BAZ
2023-12-06 10:54:06.8875 INFO MENÚ PRINCIPAL CARGADO
2023-12-06 10:54:06.8875 INFO Valida si se tiene la base de para poder dar cambio o no
2023-12-06 10:55:26.5183 ERROR EstablecerImagenes
2023-12-06 10:55:35.8696 INFO INICIANDO APLICACIÓN
2023-12-06 10:55:36.1978 ERROR Error en la consulta del archivo de configuración Kiosco BAZ
2023-12-06 10:55:36.8952 INFO MENÚ PRINCIPAL CARGADO
2023-12-06 10:55:36.8952 INFO Valida si se tiene la base de para poder dar cambio o no
2023-12-06 10:55:50.9190 ERROR EstablecerImagenes
2023-12-06 10:55:59.5266 INFO INICIANDO APLICACIÓN
2023-12-06 10:55:59.8242 ERROR Error en la consulta del archivo de configuración Kiosco BAZ
2023-12-06 10:56:00.5866 INFO MENÚ PRINCIPAL CARGADO
2023-12-06 10:56:00.5866 INFO Valida si se tiene la base de para poder dar cambio o no
2023-12-06 10:56:19.2224 ERROR EstablecerImagenes
2023-12-06 10:56:53.2266 INFO INICIANDO APLICACIÓN
2023-12-06 10:56:53.5275 ERROR Error en la consulta del archivo de configuración Kiosco BAZ
2023-12-06 10:56:54.0990 INFO MENÚ PRINCIPAL CARGADO
2023-12-06 10:56:54.0990 INFO Valida si se tiene la base de para poder dar cambio o no
2023-12-06 10:58:21.9955 INFO INICIANDO APLICACIÓN
2023-12-06 10:58:22.4486 ERROR Error en la consulta del archivo de configuración Kiosco BAZ
2023-12-06 10:58:23.3582 INFO MENÚ PRINCIPAL CARGADO
2023-12-06 10:58:23.3582 INFO Valida si se tiene la base de para poder dar cambio o no
2023-12-06 11:01:42.6987 INFO INICIANDO APLICACIÓN
2023-12-06 11:01:42.9099 ERROR Error en la consulta del archivo de configuración Kiosco BAZ
2023-12-06 11:01:43.4255 INFO MENÚ PRINCIPAL CARGADO
2023-12-06 11:01:43.4255 INFO Valida si se tiene la base de para poder dar cambio o no
2023-12-06 11:10:52.3630 INFO INICIANDO APLICACIÓN
2023-12-06 11:10:52.6394 ERROR Error en la consulta del archivo de configuración Kiosco BAZ
2023-12-06 11:10:53.2356 INFO MENÚ PRINCIPAL CARGADO
2023-12-06 11:10:53.2356 INFO Valida si se tiene la base de para poder dar cambio o no
2023-12-06 11:11:04.4447 INFO MENÚ PRINCIPAL CARGADO
2023-12-06 11:11:04.4447 INFO Valida si se tiene la base de para poder dar cambio o no
2023-12-06 11:11:17.7748 INFO INICIANDO APLICACIÓN
2023-12-06 11:11:18.0736 ERROR Error en la consulta del archivo de configuración Kiosco BAZ
2023-12-06 11:11:18.7709 INFO MENÚ PRINCIPAL CARGADO
2023-12-06 11:11:18.7709 INFO Valida si se tiene la base de para poder dar cambio o no
2023-12-06 11:11:55.5344 INFO INICIANDO APLICACIÓN
2023-12-06 11:11:55.7590 ERROR Error en la consulta del archivo de configuración Kiosco BAZ
2023-12-06 11:11:56.2858 INFO MENÚ PRINCIPAL CARGADO
2023-12-06 11:11:56.2858 INFO Valida si se tiene la base de para poder dar cambio o no
2023-12-06 11:12:18.4486 INFO MENÚ PRINCIPAL CARGADO
2023-12-06 11:12:18.4486 INFO Valida si se tiene la base de para poder dar cambio o no
2023-12-06 11:12:28.1333 INFO MENÚ PRINCIPAL CARGADO
2023-12-06 11:12:28.1333 INFO Valida si se tiene la base de para poder dar cambio o no
2023-12-06 11:13:31.1859 INFO INICIANDO APLICACIÓN
2023-12-06 11:13:31.4138 ERROR Error en la consulta del archivo de configuración Kiosco BAZ
2023-12-06 11:13:31.9673 INFO MENÚ PRINCIPAL CARGADO
2023-12-06 11:13:31.9673 INFO Valida si se tiene la base de para poder dar cambio o no
2023-12-06 11:13:51.5902 INFO MENÚ PRINCIPAL CARGADO
2023-12-06 11:13:51.5902 INFO Valida si se tiene la base de para poder dar cambio o no
2023-12-06 11:14:33.1048 INFO INICIANDO APLICACIÓN
2023-12-06 11:14:33.3157 ERROR Error en la consulta del archivo de configuración Kiosco BAZ
2023-12-06 11:14:33.8350 INFO MENÚ PRINCIPAL CARGADO
2023-12-06 11:14:33.8350 INFO Valida si se tiene la base de para poder dar cambio o no
2023-12-06 11:15:33.6209 INFO INICIANDO APLICACIÓN
2023-12-06 11:15:33.8396 ERROR Error en la consulta del archivo de configuración Kiosco BAZ
2023-12-06 11:15:34.8039 INFO MENÚ PRINCIPAL CARGADO
2023-12-06 11:15:34.8039 INFO Valida si se tiene la base de para poder dar cambio o no
2023-12-06 11:32:36.6033 INFO INICIANDO APLICACIÓN
2023-12-06 11:32:36.8445 ERROR Error en la consulta del archivo de configuración Kiosco BAZ
2023-12-06 11:32:37.3922 INFO MENÚ PRINCIPAL CARGADO
2023-12-06 11:32:37.3922 INFO Valida si se tiene la base de para poder dar cambio o no
2023-12-06 11:36:43.4763 INFO 
- - - - - - - - - - - - - - - - - - - - - - - - - - - - - - - - - - - - - - - - - - -
- - - - - - - - - - - - -TRANSACCIÓN FINALIZADA POR TIEMPO- - - - - - - - - - - - - -
- - - - - - - - - - - - - - - - - - - - - - - - - - - - - - - - - - - - - - - - - - -
2023-12-06 11:36:44.3385 INFO MENÚ PRINCIPAL CARGADO
2023-12-06 11:36:44.3385 INFO Valida si se tiene la base de para poder dar cambio o no
2023-12-06 11:36:45.2647 ERROR InsertarDetalleTransaccionAsyncSinEspera
2023-12-06 11:36:45.2647 INFO Método: InsertarDetalleTransaccion.
2023-12-06 11:36:45.2647 INFO Información no insertada: id_transaccion: 0, id_tran_vcash: 0, detalle: Tiempo de inactividad cumplido, valor: 0, estado: Transacción cancelada.
2023-12-06 11:37:13.1547 INFO INICIANDO APLICACIÓN
2023-12-06 11:37:13.3735 ERROR Error en la consulta del archivo de configuración Kiosco BAZ
2023-12-06 11:37:14.2672 INFO MENÚ PRINCIPAL CARGADO
2023-12-06 11:37:14.2672 INFO Valida si se tiene la base de para poder dar cambio o no
2023-12-06 11:37:39.9924 INFO INICIANDO APLICACIÓN
2023-12-06 11:37:40.3830 ERROR Error en la consulta del archivo de configuración Kiosco BAZ
2023-12-06 11:37:41.0930 INFO MENÚ PRINCIPAL CARGADO
2023-12-06 11:37:41.0930 INFO Valida si se tiene la base de para poder dar cambio o no
2023-12-06 11:38:23.4727 INFO INICIANDO APLICACIÓN
2023-12-06 11:38:23.6759 ERROR Error en la consulta del archivo de configuración Kiosco BAZ
2023-12-06 11:38:24.5845 INFO MENÚ PRINCIPAL CARGADO
2023-12-06 11:38:24.5845 INFO Valida si se tiene la base de para poder dar cambio o no
2023-12-06 11:39:43.0733 INFO INICIANDO APLICACIÓN
2023-12-06 11:39:43.4135 ERROR Error en la consulta del archivo de configuración Kiosco BAZ
2023-12-06 11:39:44.0375 INFO MENÚ PRINCIPAL CARGADO
2023-12-06 11:39:44.0375 INFO Valida si se tiene la base de para poder dar cambio o no
2023-12-06 11:45:29.9740 INFO INICIANDO APLICACIÓN
2023-12-06 11:45:30.2083 ERROR Error en la consulta del archivo de configuración Kiosco BAZ
2023-12-06 11:45:31.0156 INFO MENÚ PRINCIPAL CARGADO
2023-12-06 11:45:31.0156 INFO Valida si se tiene la base de para poder dar cambio o no
2023-12-06 11:50:53.5568 INFO INICIANDO APLICACIÓN
2023-12-06 11:50:53.8381 ERROR Error en la consulta del archivo de configuración Kiosco BAZ
2023-12-06 11:50:54.5656 INFO MENÚ PRINCIPAL CARGADO
2023-12-06 11:50:54.5656 INFO Valida si se tiene la base de para poder dar cambio o no
2023-12-06 11:52:55.4395 INFO 
- - - - - - - - - - - - - - - - - - - - - - - - - - - - - - - - - - - - - - - - - - -
- - - - - - - - - - - - -TRANSACCIÓN FINALIZADA POR TIEMPO- - - - - - - - - - - - - -
- - - - - - - - - - - - - - - - - - - - - - - - - - - - - - - - - - - - - - - - - - -
2023-12-06 11:52:56.1994 ERROR InsertarDetalleTransaccionAsyncSinEspera
2023-12-06 11:52:56.1994 INFO Método: InsertarDetalleTransaccion.
2023-12-06 11:52:56.1994 INFO Información no insertada: id_transaccion: 0, id_tran_vcash: 0, detalle: Tiempo de inactividad cumplido, valor: 0, estado: Transacción cancelada.
2023-12-06 11:52:56.2214 INFO MENÚ PRINCIPAL CARGADO
2023-12-06 11:52:56.2214 INFO Valida si se tiene la base de para poder dar cambio o no
2023-12-06 12:04:26.2369 INFO 
- - - - - - - - - - - - - - - - - - - - - - - - - - - - - - - - - - - - - - - - - - -
- - - - - - - - - - - - -TRANSACCIÓN FINALIZADA POR TIEMPO- - - - - - - - - - - - - -
- - - - - - - - - - - - - - - - - - - - - - - - - - - - - - - - - - - - - - - - - - -
2023-12-06 12:04:26.3213 ERROR InsertarDetalleTransaccionAsyncSinEspera
2023-12-06 12:04:26.3213 INFO Método: InsertarDetalleTransaccion.
2023-12-06 12:04:26.3213 INFO Información no insertada: id_transaccion: 0, id_tran_vcash: 0, detalle: Tiempo de inactividad cumplido, valor: 0, estado: Transacción cancelada.
2023-12-06 12:04:26.3553 INFO MENÚ PRINCIPAL CARGADO
2023-12-06 12:04:26.3553 INFO Valida si se tiene la base de para poder dar cambio o no
2023-12-06 12:15:39.4266 INFO 
- - - - - - - - - - - - - - - - - - - - - - - - - - - - - - - - - - - - - - - - - - -
- - - - - - - - - - - - -TRANSACCIÓN FINALIZADA POR TIEMPO- - - - - - - - - - - - - -
- - - - - - - - - - - - - - - - - - - - - - - - - - - - - - - - - - - - - - - - - - -
2023-12-06 12:15:39.5022 ERROR InsertarDetalleTransaccionAsyncSinEspera
2023-12-06 12:15:39.5022 INFO Método: InsertarDetalleTransaccion.
2023-12-06 12:15:39.5022 INFO Información no insertada: id_transaccion: 0, id_tran_vcash: 0, detalle: Tiempo de inactividad cumplido, valor: 0, estado: Transacción cancelada.
2023-12-06 12:15:39.5381 INFO MENÚ PRINCIPAL CARGADO
2023-12-06 12:15:39.5381 INFO Valida si se tiene la base de para poder dar cambio o no
2023-12-06 12:18:09.7052 INFO 
- - - - - - - - - - - - - - - - - - - - - - - - - - - - - - - - - - - - - - - - - - -
- - - - - - - - - - - - -TRANSACCIÓN FINALIZADA POR TIEMPO- - - - - - - - - - - - - -
- - - - - - - - - - - - - - - - - - - - - - - - - - - - - - - - - - - - - - - - - - -
2023-12-06 12:18:09.7662 ERROR InsertarDetalleTransaccionAsyncSinEspera
2023-12-06 12:18:09.7662 INFO Método: InsertarDetalleTransaccion.
2023-12-06 12:18:09.7662 INFO Información no insertada: id_transaccion: 0, id_tran_vcash: 0, detalle: Tiempo de inactividad cumplido, valor: 0, estado: Transacción cancelada.
2023-12-06 12:18:09.7922 INFO MENÚ PRINCIPAL CARGADO
2023-12-06 12:18:09.7922 INFO Valida si se tiene la base de para poder dar cambio o no
2023-12-06 12:37:43.5825 INFO INICIANDO APLICACIÓN
2023-12-06 12:37:43.7856 ERROR Error en la consulta del archivo de configuración Kiosco BAZ
2023-12-06 12:37:44.7382 INFO MENÚ PRINCIPAL CARGADO
2023-12-06 12:37:44.7382 INFO Valida si se tiene la base de para poder dar cambio o no
2023-12-06 12:38:20.2989 INFO INICIANDO APLICACIÓN
2023-12-06 12:38:20.5020 ERROR Error en la consulta del archivo de configuración Kiosco BAZ
2023-12-06 12:38:21.6521 INFO MENÚ PRINCIPAL CARGADO
2023-12-06 12:38:21.6521 INFO Valida si se tiene la base de para poder dar cambio o no
2023-12-06 12:44:42.4590 INFO INICIANDO APLICACIÓN
2023-12-06 12:44:42.6448 ERROR Error en la consulta del archivo de configuración Kiosco BAZ
2023-12-06 12:44:43.4486 INFO MENÚ PRINCIPAL CARGADO
2023-12-06 12:44:43.4486 INFO Valida si se tiene la base de para poder dar cambio o no
2023-12-06 12:46:29.4247 INFO INICIANDO APLICACIÓN
2023-12-06 12:46:29.6024 ERROR Error en la consulta del archivo de configuración Kiosco BAZ
2023-12-06 12:46:30.1511 INFO MENÚ PRINCIPAL CARGADO
2023-12-06 12:46:30.1511 INFO Valida si se tiene la base de para poder dar cambio o no
2023-12-06 12:53:29.6969 INFO INICIANDO APLICACIÓN
2023-12-06 12:53:30.0809 ERROR Error en la consulta del archivo de configuración Kiosco BAZ
2023-12-06 12:53:30.8594 INFO MENÚ PRINCIPAL CARGADO
2023-12-06 12:53:30.8594 INFO Valida si se tiene la base de para poder dar cambio o no
2023-12-06 12:55:37.6346 INFO INICIANDO APLICACIÓN
2023-12-06 12:55:37.8766 ERROR Error en la consulta del archivo de configuración Kiosco BAZ
2023-12-06 12:55:38.5131 INFO MENÚ PRINCIPAL CARGADO
2023-12-06 12:55:38.5131 INFO Valida si se tiene la base de para poder dar cambio o no
2023-12-06 12:55:59.5065 INFO MENÚ PRINCIPAL CARGADO
2023-12-06 12:55:59.5065 INFO Valida si se tiene la base de para poder dar cambio o no
2023-12-06 12:58:55.4147 INFO INICIANDO APLICACIÓN
2023-12-06 12:58:55.9548 ERROR Error en la consulta del archivo de configuración Kiosco BAZ
2023-12-06 12:58:56.9266 INFO MENÚ PRINCIPAL CARGADO
2023-12-06 12:58:56.9266 INFO Valida si se tiene la base de para poder dar cambio o no
2023-12-06 12:59:51.6091 INFO INICIANDO APLICACIÓN
2023-12-06 12:59:51.8180 ERROR Error en la consulta del archivo de configuración Kiosco BAZ
2023-12-06 12:59:52.3447 INFO MENÚ PRINCIPAL CARGADO
2023-12-06 12:59:52.3447 INFO Valida si se tiene la base de para poder dar cambio o no
2023-12-06 13:02:55.1462 INFO INICIANDO APLICACIÓN
2023-12-06 13:02:55.3895 ERROR Error en la consulta del archivo de configuración Kiosco BAZ
2023-12-06 13:02:56.0816 INFO MENÚ PRINCIPAL CARGADO
2023-12-06 13:02:56.0816 INFO Valida si se tiene la base de para poder dar cambio o no
2023-12-06 13:04:38.5297 INFO INICIANDO APLICACIÓN
2023-12-06 13:04:38.8425 ERROR Error en la consulta del archivo de configuración Kiosco BAZ
2023-12-06 13:04:40.0186 INFO MENÚ PRINCIPAL CARGADO
2023-12-06 13:04:40.0186 INFO Valida si se tiene la base de para poder dar cambio o no
2023-12-06 13:06:40.6834 INFO 
- - - - - - - - - - - - - - - - - - - - - - - - - - - - - - - - - - - - - - - - - - -
- - - - - - - - - - - - -TRANSACCIÓN FINALIZADA POR TIEMPO- - - - - - - - - - - - - -
- - - - - - - - - - - - - - - - - - - - - - - - - - - - - - - - - - - - - - - - - - -
2023-12-06 13:06:41.6168 INFO MENÚ PRINCIPAL CARGADO
2023-12-06 13:06:41.6168 INFO Valida si se tiene la base de para poder dar cambio o no
2023-12-06 13:06:41.9863 ERROR InsertarDetalleTransaccionAsyncSinEspera
2023-12-06 13:06:41.9863 INFO Método: InsertarDetalleTransaccion.
2023-12-06 13:06:41.9863 INFO Información no insertada: id_transaccion: 0, id_tran_vcash: 0, detalle: Tiempo de inactividad cumplido, valor: 0, estado: Transacción cancelada.
2023-12-06 14:00:20.6089 INFO MENÚ PRINCIPAL CARGADO
2023-12-06 14:00:20.6099 INFO Valida si se tiene la base de para poder dar cambio o no
2023-12-06 14:00:20.8842 INFO MENÚ PRINCIPAL CARGADO
2023-12-06 14:00:20.8842 INFO Valida si se tiene la base de para poder dar cambio o no
2023-12-06 14:00:21.3520 INFO MENÚ PRINCIPAL CARGADO
2023-12-06 14:00:21.3520 INFO Valida si se tiene la base de para poder dar cambio o no
2023-12-06 14:00:21.7845 INFO MENÚ PRINCIPAL CARGADO
2023-12-06 14:00:21.7845 INFO Valida si se tiene la base de para poder dar cambio o no
2023-12-06 14:00:25.9559 INFO MENÚ PRINCIPAL CARGADO
2023-12-06 14:00:25.9559 INFO Valida si se tiene la base de para poder dar cambio o no
2023-12-06 14:00:34.6909 INFO MENÚ PRINCIPAL CARGADO
2023-12-06 14:00:34.6909 INFO Valida si se tiene la base de para poder dar cambio o no
2023-12-06 14:03:19.9007 INFO INICIANDO APLICACIÓN
2023-12-06 14:03:20.1752 ERROR Error en la consulta del archivo de configuración Kiosco BAZ
2023-12-06 14:03:20.7338 INFO MENÚ PRINCIPAL CARGADO
2023-12-06 14:03:20.7338 INFO Valida si se tiene la base de para poder dar cambio o no
2023-12-06 14:08:52.4662 INFO INICIANDO APLICACIÓN
2023-12-06 14:08:52.8410 ERROR Error en la consulta del archivo de configuración Kiosco BAZ
2023-12-06 14:08:53.4813 INFO MENÚ PRINCIPAL CARGADO
2023-12-06 14:08:53.4813 INFO Valida si se tiene la base de para poder dar cambio o no
2023-12-06 14:11:07.0643 INFO INICIANDO APLICACIÓN
2023-12-06 14:11:07.4298 ERROR Error en la consulta del archivo de configuración Kiosco BAZ
2023-12-06 14:11:08.0691 INFO MENÚ PRINCIPAL CARGADO
2023-12-06 14:11:08.0691 INFO Valida si se tiene la base de para poder dar cambio o no
2023-12-06 14:11:58.1539 INFO INICIANDO APLICACIÓN
2023-12-06 14:11:58.3726 ERROR Error en la consulta del archivo de configuración Kiosco BAZ
2023-12-06 14:11:59.3293 INFO MENÚ PRINCIPAL CARGADO
2023-12-06 14:11:59.3293 INFO Valida si se tiene la base de para poder dar cambio o no
2023-12-06 14:12:43.6651 INFO INICIANDO APLICACIÓN
2023-12-06 14:12:43.9222 ERROR Error en la consulta del archivo de configuración Kiosco BAZ
2023-12-06 14:12:44.4809 INFO MENÚ PRINCIPAL CARGADO
2023-12-06 14:12:44.4809 INFO Valida si se tiene la base de para poder dar cambio o no
2023-12-06 14:19:53.8295 INFO INICIANDO APLICACIÓN
2023-12-06 14:19:54.2003 ERROR Error en la consulta del archivo de configuración Kiosco BAZ
2023-12-06 14:19:54.7879 INFO MENÚ PRINCIPAL CARGADO
2023-12-06 14:19:54.7879 INFO Valida si se tiene la base de para poder dar cambio o no
2023-12-06 14:26:30.8146 INFO INICIANDO APLICACIÓN
2023-12-06 14:26:31.1034 ERROR Error en la consulta del archivo de configuración Kiosco BAZ
2023-12-06 14:26:31.8299 INFO MENÚ PRINCIPAL CARGADO
2023-12-06 14:26:31.8299 INFO Valida si se tiene la base de para poder dar cambio o no
2023-12-06 14:29:17.2592 INFO 
- - - - - - - - - - - - - - - - - - - - - - - - - - - - - - - - - - - - - - - - - - -
- - - - - - - - - - - - -TRANSACCIÓN FINALIZADA POR TIEMPO- - - - - - - - - - - - - -
- - - - - - - - - - - - - - - - - - - - - - - - - - - - - - - - - - - - - - - - - - -
2023-12-06 14:29:18.0337 INFO MENÚ PRINCIPAL CARGADO
2023-12-06 14:29:18.0337 INFO Valida si se tiene la base de para poder dar cambio o no
2023-12-06 14:29:18.3171 ERROR InsertarDetalleTransaccionAsyncSinEspera
2023-12-06 14:29:18.3171 INFO Método: InsertarDetalleTransaccion.
2023-12-06 14:29:18.3171 INFO Información no insertada: id_transaccion: 0, id_tran_vcash: 0, detalle: Tiempo de inactividad cumplido, valor: 0, estado: Transacción cancelada.
2023-12-06 14:31:38.5108 INFO INICIANDO APLICACIÓN
2023-12-06 14:31:38.7407 ERROR Error en la consulta del archivo de configuración Kiosco BAZ
2023-12-06 14:31:39.4412 INFO MENÚ PRINCIPAL CARGADO
2023-12-06 14:31:39.4412 INFO Valida si se tiene la base de para poder dar cambio o no
2023-12-06 14:50:10.2115 INFO INICIANDO APLICACIÓN
2023-12-06 14:50:10.4894 ERROR Error en la consulta del archivo de configuración Kiosco BAZ
2023-12-06 14:50:11.2189 INFO MENÚ PRINCIPAL CARGADO
2023-12-06 14:50:11.2189 INFO Valida si se tiene la base de para poder dar cambio o no
2023-12-06 14:50:46.7580 INFO INICIANDO APLICACIÓN
2023-12-06 14:50:46.9499 ERROR Error en la consulta del archivo de configuración Kiosco BAZ
2023-12-06 14:50:47.7584 INFO MENÚ PRINCIPAL CARGADO
2023-12-06 14:50:47.7584 INFO Valida si se tiene la base de para poder dar cambio o no
2023-12-06 14:53:29.8496 INFO INICIANDO APLICACIÓN
2023-12-06 14:53:30.0345 ERROR Error en la consulta del archivo de configuración Kiosco BAZ
2023-12-06 14:53:30.8520 INFO MENÚ PRINCIPAL CARGADO
2023-12-06 14:53:30.8520 INFO Valida si se tiene la base de para poder dar cambio o no
2023-12-06 14:56:46.4623 INFO INICIANDO APLICACIÓN
2023-12-06 14:56:46.7401 ERROR Error en la consulta del archivo de configuración Kiosco BAZ
2023-12-06 14:56:47.5326 INFO MENÚ PRINCIPAL CARGADO
2023-12-06 14:56:47.5326 INFO Valida si se tiene la base de para poder dar cambio o no
2023-12-06 14:59:23.1570 INFO INICIANDO APLICACIÓN
2023-12-06 14:59:23.3469 ERROR Error en la consulta del archivo de configuración Kiosco BAZ
2023-12-06 14:59:24.1884 INFO MENÚ PRINCIPAL CARGADO
2023-12-06 14:59:24.1884 INFO Valida si se tiene la base de para poder dar cambio o no
2023-12-06 14:59:35.3918 INFO INICIANDO APLICACIÓN
2023-12-06 14:59:35.5807 ERROR Error en la consulta del archivo de configuración Kiosco BAZ
2023-12-06 14:59:36.5481 INFO MENÚ PRINCIPAL CARGADO
2023-12-06 14:59:36.5481 INFO Valida si se tiene la base de para poder dar cambio o no
2023-12-06 15:00:24.0822 INFO INICIANDO APLICACIÓN
2023-12-06 15:00:24.4240 ERROR Error en la consulta del archivo de configuración Kiosco BAZ
2023-12-06 15:00:24.9777 INFO MENÚ PRINCIPAL CARGADO
2023-12-06 15:00:24.9777 INFO Valida si se tiene la base de para poder dar cambio o no
2023-12-06 15:01:48.3614 INFO INICIANDO APLICACIÓN
2023-12-06 15:01:48.7341 ERROR Error en la consulta del archivo de configuración Kiosco BAZ
2023-12-06 15:01:49.4957 INFO MENÚ PRINCIPAL CARGADO
2023-12-06 15:01:49.4957 INFO Valida si se tiene la base de para poder dar cambio o no
2023-12-06 15:02:45.8110 INFO INICIANDO APLICACIÓN
2023-12-06 15:02:46.0029 ERROR Error en la consulta del archivo de configuración Kiosco BAZ
2023-12-06 15:02:46.7784 INFO MENÚ PRINCIPAL CARGADO
2023-12-06 15:02:46.7784 INFO Valida si se tiene la base de para poder dar cambio o no
2023-12-06 15:02:54.2042 INFO INICIANDO APLICACIÓN
2023-12-06 15:02:54.3960 ERROR Error en la consulta del archivo de configuración Kiosco BAZ
2023-12-06 15:02:55.3225 INFO MENÚ PRINCIPAL CARGADO
2023-12-06 15:02:55.3225 INFO Valida si se tiene la base de para poder dar cambio o no
2023-12-06 15:03:34.2720 INFO INICIANDO APLICACIÓN
2023-12-06 15:03:34.6537 ERROR Error en la consulta del archivo de configuración Kiosco BAZ
2023-12-06 15:03:35.2524 INFO MENÚ PRINCIPAL CARGADO
2023-12-06 15:03:35.2524 INFO Valida si se tiene la base de para poder dar cambio o no
2023-12-06 15:06:23.5654 INFO INICIANDO APLICACIÓN
2023-12-06 15:06:23.8532 ERROR Error en la consulta del archivo de configuración Kiosco BAZ
2023-12-06 15:06:24.4248 INFO MENÚ PRINCIPAL CARGADO
2023-12-06 15:06:24.4248 INFO Valida si se tiene la base de para poder dar cambio o no
2023-12-06 15:18:58.3742 INFO INICIANDO APLICACIÓN
2023-12-06 15:18:58.6701 ERROR Error en la consulta del archivo de configuración Kiosco BAZ
2023-12-06 15:18:59.2977 INFO MENÚ PRINCIPAL CARGADO
2023-12-06 15:18:59.2977 INFO Valida si se tiene la base de para poder dar cambio o no
2023-12-06 15:25:17.2533 INFO INICIANDO APLICACIÓN
2023-12-06 15:25:17.6480 ERROR Error en la consulta del archivo de configuración Kiosco BAZ
2023-12-06 15:25:18.4355 INFO MENÚ PRINCIPAL CARGADO
2023-12-06 15:25:18.4355 INFO Valida si se tiene la base de para poder dar cambio o no
2023-12-06 15:25:42.5886 INFO INICIANDO APLICACIÓN
2023-12-06 15:25:42.8894 ERROR Error en la consulta del archivo de configuración Kiosco BAZ
2023-12-06 15:25:43.5162 INFO MENÚ PRINCIPAL CARGADO
2023-12-06 15:25:43.5162 INFO Valida si se tiene la base de para poder dar cambio o no
2023-12-06 15:26:10.4207 INFO INICIANDO APLICACIÓN
2023-12-06 15:26:10.8014 ERROR Error en la consulta del archivo de configuración Kiosco BAZ
2023-12-06 15:26:11.6089 INFO MENÚ PRINCIPAL CARGADO
2023-12-06 15:26:11.6089 INFO Valida si se tiene la base de para poder dar cambio o no
2023-12-06 15:29:46.5626 INFO INICIANDO APLICACIÓN
2023-12-06 15:29:46.8544 ERROR Error en la consulta del archivo de configuración Kiosco BAZ
2023-12-06 15:29:47.5799 INFO MENÚ PRINCIPAL CARGADO
2023-12-06 15:29:47.5799 INFO Valida si se tiene la base de para poder dar cambio o no
2023-12-06 15:53:16.6901 INFO 
- - - - - - - - - - - - - - - - - - - - - - - - - - - - - - - - - - - - - - - - - - -
- - - - - - - - - - - - -TRANSACCIÓN FINALIZADA POR TIEMPO- - - - - - - - - - - - - -
- - - - - - - - - - - - - - - - - - - - - - - - - - - - - - - - - - - - - - - - - - -
2023-12-06 15:53:17.4512 INFO MENÚ PRINCIPAL CARGADO
2023-12-06 15:53:17.4512 INFO Valida si se tiene la base de para poder dar cambio o no
2023-12-06 15:53:17.7955 ERROR InsertarDetalleTransaccionAsyncSinEspera
2023-12-06 15:53:17.7955 INFO Método: InsertarDetalleTransaccion.
2023-12-06 15:53:17.7955 INFO Información no insertada: id_transaccion: 0, id_tran_vcash: 0, detalle: Tiempo de inactividad cumplido, valor: 0, estado: Transacción cancelada.
