2023-12-04 10:01:10.5306 INFO INICIANDO APLICACIÓN
2023-12-04 10:01:10.8587 ERROR Error en la consulta del archivo de configuración Kiosco BAZ
2023-12-04 10:01:11.5306 INFO MENÚ PRINCIPAL CARGADO
2023-12-04 10:01:11.5306 INFO Valida si se tiene la base de para poder dar cambio o no
2023-12-04 10:01:16.3320 INFO MENÚ PRINCIPAL CARGADO
2023-12-04 10:01:16.3320 INFO Valida si se tiene la base de para poder dar cambio o no
2023-12-04 10:01:19.0163 INFO MENÚ PRINCIPAL CARGADO
2023-12-04 10:01:19.0163 INFO Valida si se tiene la base de para poder dar cambio o no
2023-12-04 10:01:20.8097 INFO MENÚ PRINCIPAL CARGADO
2023-12-04 10:01:20.8097 INFO Valida si se tiene la base de para poder dar cambio o no
2023-12-04 10:01:22.4652 INFO MENÚ PRINCIPAL CARGADO
2023-12-04 10:01:22.4652 INFO Valida si se tiene la base de para poder dar cambio o no
2023-12-04 10:02:17.1285 INFO INICIANDO APLICACIÓN
2023-12-04 10:02:17.3316 ERROR Error en la consulta del archivo de configuración Kiosco BAZ
2023-12-04 10:02:17.8472 INFO MENÚ PRINCIPAL CARGADO
2023-12-04 10:02:17.8472 INFO Valida si se tiene la base de para poder dar cambio o no
2023-12-04 10:02:51.7395 INFO INICIANDO APLICACIÓN
2023-12-04 10:02:52.0989 ERROR Error en la consulta del archivo de configuración Kiosco BAZ
2023-12-04 10:02:52.8841 INFO MENÚ PRINCIPAL CARGADO
2023-12-04 10:02:52.8841 INFO Valida si se tiene la base de para poder dar cambio o no
2023-12-04 10:04:34.7270 INFO INICIANDO APLICACIÓN
2023-12-04 10:04:34.9761 ERROR Error en la consulta del archivo de configuración Kiosco BAZ
2023-12-04 10:04:35.5988 INFO MENÚ PRINCIPAL CARGADO
2023-12-04 10:04:35.5988 INFO Valida si se tiene la base de para poder dar cambio o no
2023-12-04 10:04:52.3896 INFO INICIANDO APLICACIÓN
2023-12-04 10:04:52.8378 ERROR Error en la consulta del archivo de configuración Kiosco BAZ
2023-12-04 10:04:53.3874 INFO MENÚ PRINCIPAL CARGADO
2023-12-04 10:04:53.3874 INFO Valida si se tiene la base de para poder dar cambio o no
2023-12-04 10:05:03.1244 INFO MENÚ PRINCIPAL CARGADO
2023-12-04 10:05:03.1244 INFO Valida si se tiene la base de para poder dar cambio o no
2023-12-04 10:05:53.6446 INFO INICIANDO APLICACIÓN
2023-12-04 10:05:53.9161 ERROR Error en la consulta del archivo de configuración Kiosco BAZ
2023-12-04 10:05:54.4819 INFO MENÚ PRINCIPAL CARGADO
2023-12-04 10:05:54.4819 INFO Valida si se tiene la base de para poder dar cambio o no
2023-12-04 10:06:36.1146 INFO INICIANDO APLICACIÓN
2023-12-04 10:06:36.4115 ERROR Error en la consulta del archivo de configuración Kiosco BAZ
2023-12-04 10:06:37.0817 INFO MENÚ PRINCIPAL CARGADO
2023-12-04 10:06:37.0817 INFO Valida si se tiene la base de para poder dar cambio o no
2023-12-04 10:07:50.3454 INFO INICIANDO APLICACIÓN
2023-12-04 10:07:50.6481 ERROR Error en la consulta del archivo de configuración Kiosco BAZ
2023-12-04 10:07:51.1992 INFO MENÚ PRINCIPAL CARGADO
2023-12-04 10:07:51.1992 INFO Valida si se tiene la base de para poder dar cambio o no
2023-12-04 10:09:05.7790 INFO INICIANDO APLICACIÓN
2023-12-04 10:09:06.0520 ERROR Error en la consulta del archivo de configuración Kiosco BAZ
2023-12-04 10:09:06.6087 INFO MENÚ PRINCIPAL CARGADO
2023-12-04 10:09:06.6087 INFO Valida si se tiene la base de para poder dar cambio o no
2023-12-04 10:09:50.1170 INFO INICIANDO APLICACIÓN
2023-12-04 10:09:50.4122 ERROR Error en la consulta del archivo de configuración Kiosco BAZ
2023-12-04 10:09:51.0165 INFO MENÚ PRINCIPAL CARGADO
2023-12-04 10:09:51.0165 INFO Valida si se tiene la base de para poder dar cambio o no
2023-12-04 10:16:17.2867 INFO INICIANDO APLICACIÓN
2023-12-04 10:16:17.5331 ERROR Error en la consulta del archivo de configuración Kiosco BAZ
2023-12-04 10:16:18.1862 INFO MENÚ PRINCIPAL CARGADO
2023-12-04 10:16:18.1862 INFO Valida si se tiene la base de para poder dar cambio o no
2023-12-04 10:16:59.7892 INFO INICIANDO APLICACIÓN
2023-12-04 10:17:00.0673 ERROR Error en la consulta del archivo de configuración Kiosco BAZ
2023-12-04 10:17:00.6122 INFO MENÚ PRINCIPAL CARGADO
2023-12-04 10:17:00.6122 INFO Valida si se tiene la base de para poder dar cambio o no
2023-12-04 10:17:44.6649 INFO INICIANDO APLICACIÓN
2023-12-04 10:17:44.9424 ERROR Error en la consulta del archivo de configuración Kiosco BAZ
2023-12-04 10:17:45.5481 INFO MENÚ PRINCIPAL CARGADO
2023-12-04 10:17:45.5481 INFO Valida si se tiene la base de para poder dar cambio o no
2023-12-04 10:17:51.3559 INFO MENÚ PRINCIPAL CARGADO
2023-12-04 10:17:51.3559 INFO Valida si se tiene la base de para poder dar cambio o no
2023-12-04 10:29:16.9712 INFO INICIANDO APLICACIÓN
2023-12-04 10:29:17.1994 ERROR Error en la consulta del archivo de configuración Kiosco BAZ
2023-12-04 10:29:17.7932 INFO MENÚ PRINCIPAL CARGADO
2023-12-04 10:29:17.7932 INFO Valida si se tiene la base de para poder dar cambio o no
2023-12-04 10:29:49.1187 INFO INICIANDO APLICACIÓN
2023-12-04 10:29:49.3530 ERROR Error en la consulta del archivo de configuración Kiosco BAZ
2023-12-04 10:29:50.1491 INFO MENÚ PRINCIPAL CARGADO
2023-12-04 10:29:50.1491 INFO Valida si se tiene la base de para poder dar cambio o no
2023-12-04 10:30:55.2415 INFO INICIANDO APLICACIÓN
2023-12-04 10:30:55.4845 ERROR Error en la consulta del archivo de configuración Kiosco BAZ
2023-12-04 10:30:56.0414 INFO MENÚ PRINCIPAL CARGADO
2023-12-04 10:30:56.0414 INFO Valida si se tiene la base de para poder dar cambio o no
2023-12-04 10:32:06.8019 INFO INICIANDO APLICACIÓN
2023-12-04 10:32:07.1505 ERROR Error en la consulta del archivo de configuración Kiosco BAZ
2023-12-04 10:32:07.7774 INFO MENÚ PRINCIPAL CARGADO
2023-12-04 10:32:07.7774 INFO Valida si se tiene la base de para poder dar cambio o no
2023-12-04 10:34:51.1763 INFO INICIANDO APLICACIÓN
2023-12-04 10:34:51.3791 ERROR Error en la consulta del archivo de configuración Kiosco BAZ
2023-12-04 10:34:51.8785 INFO MENÚ PRINCIPAL CARGADO
2023-12-04 10:34:51.8785 INFO Valida si se tiene la base de para poder dar cambio o no
2023-12-04 10:35:24.4270 INFO INICIANDO APLICACIÓN
2023-12-04 10:35:24.6145 ERROR Error en la consulta del archivo de configuración Kiosco BAZ
2023-12-04 10:35:25.4278 INFO MENÚ PRINCIPAL CARGADO
2023-12-04 10:35:25.4278 INFO Valida si se tiene la base de para poder dar cambio o no
2023-12-04 10:36:03.5391 INFO INICIANDO APLICACIÓN
2023-12-04 10:36:03.7815 ERROR Error en la consulta del archivo de configuración Kiosco BAZ
2023-12-04 10:36:04.3645 INFO MENÚ PRINCIPAL CARGADO
2023-12-04 10:36:04.3645 INFO Valida si se tiene la base de para poder dar cambio o no
2023-12-04 10:37:44.1344 INFO INICIANDO APLICACIÓN
2023-12-04 10:37:44.3375 ERROR Error en la consulta del archivo de configuración Kiosco BAZ
2023-12-04 10:37:45.1139 INFO MENÚ PRINCIPAL CARGADO
2023-12-04 10:37:45.1139 INFO Valida si se tiene la base de para poder dar cambio o no
2023-12-04 10:39:52.3935 INFO INICIANDO APLICACIÓN
2023-12-04 10:39:52.6609 ERROR Error en la consulta del archivo de configuración Kiosco BAZ
2023-12-04 10:39:53.2328 INFO MENÚ PRINCIPAL CARGADO
2023-12-04 10:39:53.2328 INFO Valida si se tiene la base de para poder dar cambio o no
2023-12-04 10:45:20.8888 INFO INICIANDO APLICACIÓN
2023-12-04 10:45:21.1857 ERROR Error en la consulta del archivo de configuración Kiosco BAZ
2023-12-04 10:45:21.8753 INFO MENÚ PRINCIPAL CARGADO
2023-12-04 10:45:21.8753 INFO Valida si se tiene la base de para poder dar cambio o no
2023-12-04 10:45:52.8527 INFO INICIANDO APLICACIÓN
2023-12-04 10:45:53.1808 ERROR Error en la consulta del archivo de configuración Kiosco BAZ
2023-12-04 10:45:53.8750 ERROR EstablecerImagenes
2023-12-04 10:45:53.9094 INFO MENÚ PRINCIPAL CARGADO
2023-12-04 10:45:53.9094 INFO Valida si se tiene la base de para poder dar cambio o no
2023-12-04 10:46:09.4859 INFO INICIANDO APLICACIÓN
2023-12-04 10:46:09.8167 ERROR Error en la consulta del archivo de configuración Kiosco BAZ
2023-12-04 10:48:35.1723 INFO INICIANDO APLICACIÓN
2023-12-04 10:48:35.4763 ERROR Error en la consulta del archivo de configuración Kiosco BAZ
2023-12-04 10:48:36.2974 INFO MENÚ PRINCIPAL CARGADO
2023-12-04 10:48:36.2974 INFO Valida si se tiene la base de para poder dar cambio o no
2023-12-04 10:50:57.6189 INFO INICIANDO APLICACIÓN
2023-12-04 10:50:58.4275 ERROR Error en la consulta del archivo de configuración Kiosco BAZ
2023-12-04 10:50:59.4093 INFO MENÚ PRINCIPAL CARGADO
2023-12-04 10:50:59.4093 INFO Valida si se tiene la base de para poder dar cambio o no
2023-12-04 10:56:32.4460 INFO INICIANDO APLICACIÓN
2023-12-04 10:56:32.7119 ERROR Error en la consulta del archivo de configuración Kiosco BAZ
2023-12-04 10:56:33.3079 INFO MENÚ PRINCIPAL CARGADO
2023-12-04 10:56:33.3079 INFO Valida si se tiene la base de para poder dar cambio o no
2023-12-04 11:00:59.1319 INFO INICIANDO APLICACIÓN
2023-12-04 11:00:59.3878 ERROR Error en la consulta del archivo de configuración Kiosco BAZ
2023-12-04 11:00:59.9988 INFO MENÚ PRINCIPAL CARGADO
2023-12-04 11:00:59.9988 INFO Valida si se tiene la base de para poder dar cambio o no
2023-12-04 11:02:33.7205 INFO MENÚ PRINCIPAL CARGADO
2023-12-04 11:02:33.7205 INFO Valida si se tiene la base de para poder dar cambio o no
2023-12-04 11:02:35.5164 INFO MENÚ PRINCIPAL CARGADO
2023-12-04 11:02:35.5164 INFO Valida si se tiene la base de para poder dar cambio o no
2023-12-04 11:23:33.2942 INFO INICIANDO APLICACIÓN
2023-12-04 11:23:33.5624 ERROR Error en la consulta del archivo de configuración Kiosco BAZ
2023-12-04 11:23:34.2060 INFO MENÚ PRINCIPAL CARGADO
2023-12-04 11:23:34.2060 INFO Valida si se tiene la base de para poder dar cambio o no
2023-12-04 11:23:48.4255 INFO MENÚ PRINCIPAL CARGADO
2023-12-04 11:23:48.4255 INFO Valida si se tiene la base de para poder dar cambio o no
2023-12-04 11:23:49.9371 INFO MENÚ PRINCIPAL CARGADO
2023-12-04 11:23:49.9371 INFO Valida si se tiene la base de para poder dar cambio o no
2023-12-04 11:23:51.3781 INFO MENÚ PRINCIPAL CARGADO
2023-12-04 11:23:51.3781 INFO Valida si se tiene la base de para poder dar cambio o no
2023-12-04 11:31:34.8047 INFO INICIANDO APLICACIÓN
2023-12-04 11:31:35.0955 ERROR Error en la consulta del archivo de configuración Kiosco BAZ
2023-12-04 11:31:35.6517 ERROR Error en la consulta del archivo de configuración Kiosco BAZ
2023-12-04 11:31:35.7039 ERROR Error en la consulta del archivo de configuración Kiosco BAZ
2023-12-04 11:31:35.7523 ERROR Error en la consulta del archivo de configuración Kiosco BAZ
2023-12-04 11:31:35.7523 ERROR Error en la consulta del archivo de configuración Kiosco BAZ
2023-12-04 11:31:35.7936 ERROR Error en la consulta del archivo de configuración Kiosco BAZ
2023-12-04 11:31:35.8092 ERROR Error en la consulta del archivo de configuración Kiosco BAZ
2023-12-04 11:31:35.8404 INFO MENÚ PRINCIPAL CARGADO
2023-12-04 11:31:35.8404 INFO Valida si se tiene la base de para poder dar cambio o no
2023-12-04 11:32:00.7247 INFO INICIANDO APLICACIÓN
2023-12-04 11:32:01.0050 ERROR Error en la consulta del archivo de configuración Kiosco BAZ
2023-12-04 11:32:01.5534 ERROR Error en la consulta del archivo de configuración Kiosco BAZ
2023-12-04 11:32:01.5920 ERROR Error en la consulta del archivo de configuración Kiosco BAZ
2023-12-04 11:32:01.6240 ERROR Error en la consulta del archivo de configuración Kiosco BAZ
2023-12-04 11:32:01.6596 ERROR Error en la consulta del archivo de configuración Kiosco BAZ
2023-12-04 11:32:01.6935 ERROR Error en la consulta del archivo de configuración Kiosco BAZ
2023-12-04 11:32:01.7197 ERROR Error en la consulta del archivo de configuración Kiosco BAZ
2023-12-04 11:32:01.7473 INFO MENÚ PRINCIPAL CARGADO
2023-12-04 11:32:01.7473 INFO Valida si se tiene la base de para poder dar cambio o no
2023-12-04 11:34:28.8697 INFO INICIANDO APLICACIÓN
2023-12-04 11:34:29.1979 ERROR Error en la consulta del archivo de configuración Kiosco BAZ
2023-12-04 11:34:29.8242 ERROR Error en la consulta del archivo de configuración Kiosco BAZ
2023-12-04 11:34:29.8618 ERROR Error en la consulta del archivo de configuración Kiosco BAZ
2023-12-04 11:34:29.8871 ERROR Error en la consulta del archivo de configuración Kiosco BAZ
2023-12-04 11:34:29.9103 ERROR Error en la consulta del archivo de configuración Kiosco BAZ
2023-12-04 11:34:29.9381 ERROR Error en la consulta del archivo de configuración Kiosco BAZ
2023-12-04 11:34:29.9674 ERROR Error en la consulta del archivo de configuración Kiosco BAZ
2023-12-04 11:34:29.9971 INFO MENÚ PRINCIPAL CARGADO
2023-12-04 11:34:29.9971 INFO Valida si se tiene la base de para poder dar cambio o no
2023-12-04 11:34:41.1254 ERROR Error en la consulta del archivo de configuración Kiosco BAZ
2023-12-04 11:34:41.5403 ERROR Error en la consulta del archivo de configuración Kiosco BAZ
2023-12-04 11:34:41.8340 ERROR Error en la consulta del archivo de configuración Kiosco BAZ
2023-12-04 11:34:42.0440 ERROR Error en la consulta del archivo de configuración Kiosco BAZ
2023-12-04 11:34:42.2365 ERROR Error en la consulta del archivo de configuración Kiosco BAZ
2023-12-04 11:34:42.4436 ERROR Error en la consulta del archivo de configuración Kiosco BAZ
2023-12-04 11:34:42.7854 INFO MENÚ PRINCIPAL CARGADO
2023-12-04 11:34:42.7854 INFO Valida si se tiene la base de para poder dar cambio o no
2023-12-04 11:35:02.3798 ERROR Error en la consulta del archivo de configuración Kiosco BAZ
2023-12-04 11:35:02.3988 ERROR Error en la consulta del archivo de configuración Kiosco BAZ
2023-12-04 11:35:02.4198 ERROR Error en la consulta del archivo de configuración Kiosco BAZ
2023-12-04 11:35:02.4433 ERROR Error en la consulta del archivo de configuración Kiosco BAZ
2023-12-04 11:35:02.4643 ERROR Error en la consulta del archivo de configuración Kiosco BAZ
2023-12-04 11:35:02.4853 ERROR Error en la consulta del archivo de configuración Kiosco BAZ
2023-12-04 11:35:02.4853 INFO MENÚ PRINCIPAL CARGADO
2023-12-04 11:35:02.4853 INFO Valida si se tiene la base de para poder dar cambio o no
2023-12-04 11:35:07.8168 ERROR Error en la consulta del archivo de configuración Kiosco BAZ
2023-12-04 11:35:07.8408 ERROR Error en la consulta del archivo de configuración Kiosco BAZ
2023-12-04 11:35:07.8638 ERROR Error en la consulta del archivo de configuración Kiosco BAZ
2023-12-04 11:35:07.8868 ERROR Error en la consulta del archivo de configuración Kiosco BAZ
2023-12-04 11:35:07.9107 ERROR Error en la consulta del archivo de configuración Kiosco BAZ
2023-12-04 11:35:07.9357 ERROR Error en la consulta del archivo de configuración Kiosco BAZ
2023-12-04 11:35:07.9357 INFO MENÚ PRINCIPAL CARGADO
2023-12-04 11:35:07.9357 INFO Valida si se tiene la base de para poder dar cambio o no
2023-12-04 11:35:10.3927 ERROR Error en la consulta del archivo de configuración Kiosco BAZ
2023-12-04 11:35:10.4156 ERROR Error en la consulta del archivo de configuración Kiosco BAZ
2023-12-04 11:35:10.4356 ERROR Error en la consulta del archivo de configuración Kiosco BAZ
2023-12-04 11:35:10.4571 ERROR Error en la consulta del archivo de configuración Kiosco BAZ
2023-12-04 11:35:10.4776 ERROR Error en la consulta del archivo de configuración Kiosco BAZ
2023-12-04 11:35:10.4976 ERROR Error en la consulta del archivo de configuración Kiosco BAZ
2023-12-04 11:35:10.5026 INFO MENÚ PRINCIPAL CARGADO
2023-12-04 11:35:10.5026 INFO Valida si se tiene la base de para poder dar cambio o no
2023-12-04 11:35:12.4299 ERROR Error en la consulta del archivo de configuración Kiosco BAZ
2023-12-04 11:35:12.4509 ERROR Error en la consulta del archivo de configuración Kiosco BAZ
2023-12-04 11:35:12.4745 ERROR Error en la consulta del archivo de configuración Kiosco BAZ
2023-12-04 11:35:12.4945 ERROR Error en la consulta del archivo de configuración Kiosco BAZ
2023-12-04 11:35:12.5150 ERROR Error en la consulta del archivo de configuración Kiosco BAZ
2023-12-04 11:35:12.5340 ERROR Error en la consulta del archivo de configuración Kiosco BAZ
2023-12-04 11:35:12.5340 INFO MENÚ PRINCIPAL CARGADO
2023-12-04 11:35:12.5340 INFO Valida si se tiene la base de para poder dar cambio o no
2023-12-04 11:36:06.1357 INFO INICIANDO APLICACIÓN
2023-12-04 11:36:06.4450 ERROR Error en la consulta del archivo de configuración Kiosco BAZ
2023-12-04 11:36:07.0417 ERROR Error en la consulta del archivo de configuración Kiosco BAZ
2023-12-04 11:36:07.0806 ERROR Error en la consulta del archivo de configuración Kiosco BAZ
2023-12-04 11:36:07.1076 ERROR Error en la consulta del archivo de configuración Kiosco BAZ
2023-12-04 11:36:07.1410 ERROR Error en la consulta del archivo de configuración Kiosco BAZ
2023-12-04 11:36:07.1719 ERROR Error en la consulta del archivo de configuración Kiosco BAZ
2023-12-04 11:36:07.2018 ERROR Error en la consulta del archivo de configuración Kiosco BAZ
2023-12-04 11:36:07.2314 INFO MENÚ PRINCIPAL CARGADO
2023-12-04 11:36:07.2314 INFO Valida si se tiene la base de para poder dar cambio o no
2023-12-04 11:36:55.2392 INFO INICIANDO APLICACIÓN
2023-12-04 11:36:55.4423 ERROR Error en la consulta del archivo de configuración Kiosco BAZ
2023-12-04 11:36:56.1931 ERROR Error en la consulta del archivo de configuración Kiosco BAZ
2023-12-04 11:36:56.2329 ERROR Error en la consulta del archivo de configuración Kiosco BAZ
2023-12-04 11:36:56.2727 ERROR Error en la consulta del archivo de configuración Kiosco BAZ
2023-12-04 11:36:56.2929 ERROR Error en la consulta del archivo de configuración Kiosco BAZ
2023-12-04 11:36:56.3242 ERROR Error en la consulta del archivo de configuración Kiosco BAZ
2023-12-04 11:36:56.3554 ERROR Error en la consulta del archivo de configuración Kiosco BAZ
2023-12-04 11:36:56.3956 INFO MENÚ PRINCIPAL CARGADO
2023-12-04 11:36:56.3956 INFO Valida si se tiene la base de para poder dar cambio o no
2023-12-04 11:36:57.9124 ERROR Error en la consulta del archivo de configuración Kiosco BAZ
2023-12-04 11:36:57.9354 ERROR Error en la consulta del archivo de configuración Kiosco BAZ
2023-12-04 11:36:57.9550 ERROR Error en la consulta del archivo de configuración Kiosco BAZ
2023-12-04 11:36:57.9743 ERROR Error en la consulta del archivo de configuración Kiosco BAZ
2023-12-04 11:36:57.9979 ERROR Error en la consulta del archivo de configuración Kiosco BAZ
2023-12-04 11:36:58.0178 ERROR Error en la consulta del archivo de configuración Kiosco BAZ
2023-12-04 11:36:58.0178 INFO MENÚ PRINCIPAL CARGADO
2023-12-04 11:36:58.0178 INFO Valida si se tiene la base de para poder dar cambio o no
2023-12-04 11:37:57.2703 INFO INICIANDO APLICACIÓN
2023-12-04 11:37:57.5622 ERROR Error en la consulta del archivo de configuración Kiosco BAZ
2023-12-04 11:37:58.1366 ERROR Error en la consulta del archivo de configuración Kiosco BAZ
2023-12-04 11:37:58.1824 ERROR Error en la consulta del archivo de configuración Kiosco BAZ
2023-12-04 11:37:58.2236 ERROR Error en la consulta del archivo de configuración Kiosco BAZ
2023-12-04 11:37:58.2600 ERROR Error en la consulta del archivo de configuración Kiosco BAZ
2023-12-04 11:37:58.2925 ERROR Error en la consulta del archivo de configuración Kiosco BAZ
2023-12-04 11:37:58.3086 ERROR Error en la consulta del archivo de configuración Kiosco BAZ
2023-12-04 11:37:58.3677 INFO MENÚ PRINCIPAL CARGADO
2023-12-04 11:37:58.3677 INFO Valida si se tiene la base de para poder dar cambio o no
2023-12-04 11:38:01.2051 ERROR Error en la consulta del archivo de configuración Kiosco BAZ
2023-12-04 11:38:01.2281 ERROR Error en la consulta del archivo de configuración Kiosco BAZ
2023-12-04 11:38:01.2478 ERROR Error en la consulta del archivo de configuración Kiosco BAZ
2023-12-04 11:38:01.2696 ERROR Error en la consulta del archivo de configuración Kiosco BAZ
2023-12-04 11:38:01.2896 ERROR Error en la consulta del archivo de configuración Kiosco BAZ
2023-12-04 11:38:01.3136 ERROR Error en la consulta del archivo de configuración Kiosco BAZ
2023-12-04 11:38:01.3136 INFO MENÚ PRINCIPAL CARGADO
2023-12-04 11:38:01.3136 INFO Valida si se tiene la base de para poder dar cambio o no
2023-12-04 11:38:03.7047 ERROR Error en la consulta del archivo de configuración Kiosco BAZ
2023-12-04 11:38:03.7237 ERROR Error en la consulta del archivo de configuración Kiosco BAZ
2023-12-04 11:38:03.7439 ERROR Error en la consulta del archivo de configuración Kiosco BAZ
2023-12-04 11:38:03.7629 ERROR Error en la consulta del archivo de configuración Kiosco BAZ
2023-12-04 11:38:03.7819 ERROR Error en la consulta del archivo de configuración Kiosco BAZ
2023-12-04 11:38:03.8019 ERROR Error en la consulta del archivo de configuración Kiosco BAZ
2023-12-04 11:38:03.8019 INFO MENÚ PRINCIPAL CARGADO
2023-12-04 11:38:03.8019 INFO Valida si se tiene la base de para poder dar cambio o no
2023-12-04 11:38:12.8800 ERROR Error en la consulta del archivo de configuración Kiosco BAZ
2023-12-04 11:39:21.5917 INFO INICIANDO APLICACIÓN
2023-12-04 11:39:21.9042 ERROR Error en la consulta del archivo de configuración Kiosco BAZ
2023-12-04 11:39:24.2829 ERROR Error en la consulta del archivo de configuración Kiosco BAZ
2023-12-04 11:39:27.0183 ERROR Error en la consulta del archivo de configuración Kiosco BAZ
2023-12-04 11:39:32.0443 INFO INICIANDO APLICACIÓN
2023-12-04 11:39:32.2162 ERROR Error en la consulta del archivo de configuración Kiosco BAZ
2023-12-04 11:39:36.5687 ERROR Error en la consulta del archivo de configuración Kiosco BAZ
2023-12-04 11:39:44.6452 ERROR Error en la consulta del archivo de configuración Kiosco BAZ
2023-12-04 11:39:46.0061 ERROR Error en la consulta del archivo de configuración Kiosco BAZ
2023-12-04 11:39:46.6396 ERROR Error en la consulta del archivo de configuración Kiosco BAZ
2023-12-04 11:39:47.0278 ERROR Error en la consulta del archivo de configuración Kiosco BAZ
2023-12-04 11:39:47.2138 ERROR Error en la consulta del archivo de configuración Kiosco BAZ
2023-12-04 11:39:47.2546 INFO MENÚ PRINCIPAL CARGADO
2023-12-04 11:39:47.2546 INFO Valida si se tiene la base de para poder dar cambio o no
2023-12-04 11:40:29.9349 INFO INICIANDO APLICACIÓN
2023-12-04 11:40:30.2554 ERROR Error en la consulta del archivo de configuración Kiosco BAZ
2023-12-04 11:40:30.8770 ERROR Error en la consulta del archivo de configuración Kiosco BAZ
2023-12-04 11:40:30.9088 ERROR Error en la consulta del archivo de configuración Kiosco BAZ
2023-12-04 11:40:30.9367 ERROR Error en la consulta del archivo de configuración Kiosco BAZ
2023-12-04 11:40:30.9642 ERROR Error en la consulta del archivo de configuración Kiosco BAZ
2023-12-04 11:40:30.9916 ERROR Error en la consulta del archivo de configuración Kiosco BAZ
2023-12-04 11:40:31.0194 ERROR Error en la consulta del archivo de configuración Kiosco BAZ
2023-12-04 11:40:31.0553 INFO MENÚ PRINCIPAL CARGADO
2023-12-04 11:40:31.0553 INFO Valida si se tiene la base de para poder dar cambio o no
2023-12-04 11:40:35.0630 ERROR Error en la consulta del archivo de configuración Kiosco BAZ
2023-12-04 11:40:35.0845 ERROR Error en la consulta del archivo de configuración Kiosco BAZ
2023-12-04 11:40:35.1061 ERROR Error en la consulta del archivo de configuración Kiosco BAZ
2023-12-04 11:40:35.1266 ERROR Error en la consulta del archivo de configuración Kiosco BAZ
2023-12-04 11:40:35.1496 ERROR Error en la consulta del archivo de configuración Kiosco BAZ
2023-12-04 11:40:35.1726 ERROR Error en la consulta del archivo de configuración Kiosco BAZ
2023-12-04 11:40:35.1726 INFO MENÚ PRINCIPAL CARGADO
2023-12-04 11:40:35.1726 INFO Valida si se tiene la base de para poder dar cambio o no
2023-12-04 11:40:57.1791 INFO INICIANDO APLICACIÓN
2023-12-04 11:40:57.4215 ERROR Error en la consulta del archivo de configuración Kiosco BAZ
2023-12-04 11:40:59.0900 ERROR Error en la consulta del archivo de configuración Kiosco BAZ
2023-12-04 11:41:34.8305 INFO INICIANDO APLICACIÓN
2023-12-04 11:41:35.0981 ERROR Error en la consulta del archivo de configuración Kiosco BAZ
2023-12-04 11:41:35.7610 INFO MENÚ PRINCIPAL CARGADO
2023-12-04 11:41:35.7610 INFO Valida si se tiene la base de para poder dar cambio o no
2023-12-04 11:43:04.5482 INFO INICIANDO APLICACIÓN
2023-12-04 11:43:04.8379 ERROR Error en la consulta del archivo de configuración Kiosco BAZ
2023-12-04 11:43:05.4063 INFO MENÚ PRINCIPAL CARGADO
2023-12-04 11:43:05.4063 INFO Valida si se tiene la base de para poder dar cambio o no
2023-12-04 11:43:07.2309 INFO MENÚ PRINCIPAL CARGADO
2023-12-04 11:43:07.2309 INFO Valida si se tiene la base de para poder dar cambio o no
2023-12-04 11:45:42.5449 INFO INICIANDO APLICACIÓN
2023-12-04 11:45:42.7770 ERROR Error en la consulta del archivo de configuración Kiosco BAZ
2023-12-04 11:45:43.2821 INFO MENÚ PRINCIPAL CARGADO
2023-12-04 11:45:43.2821 INFO Valida si se tiene la base de para poder dar cambio o no
2023-12-04 11:45:46.2304 INFO MENÚ PRINCIPAL CARGADO
2023-12-04 11:45:46.2304 INFO Valida si se tiene la base de para poder dar cambio o no
2023-12-04 11:46:17.9400 INFO INICIANDO APLICACIÓN
2023-12-04 11:46:18.2237 ERROR Error en la consulta del archivo de configuración Kiosco BAZ
2023-12-04 11:46:18.8007 INFO MENÚ PRINCIPAL CARGADO
2023-12-04 11:46:18.8007 INFO Valida si se tiene la base de para poder dar cambio o no
2023-12-04 11:48:13.2958 INFO MENÚ PRINCIPAL CARGADO
2023-12-04 11:48:13.2958 INFO Valida si se tiene la base de para poder dar cambio o no
2023-12-04 11:51:00.8106 INFO INICIANDO APLICACIÓN
2023-12-04 11:51:01.0266 ERROR Error en la consulta del archivo de configuración Kiosco BAZ
2023-12-04 11:51:01.7385 INFO MENÚ PRINCIPAL CARGADO
2023-12-04 11:51:01.7385 INFO Valida si se tiene la base de para poder dar cambio o no
2023-12-04 11:53:01.2446 INFO MENÚ PRINCIPAL CARGADO
2023-12-04 11:53:01.2446 INFO Valida si se tiene la base de para poder dar cambio o no
2023-12-04 11:53:15.4044 INFO MENÚ PRINCIPAL CARGADO
2023-12-04 11:53:15.4044 INFO Valida si se tiene la base de para poder dar cambio o no
2023-12-04 11:53:32.5006 INFO MENÚ PRINCIPAL CARGADO
2023-12-04 11:53:32.5006 INFO Valida si se tiene la base de para poder dar cambio o no
2023-12-04 11:53:33.1717 INFO MENÚ PRINCIPAL CARGADO
2023-12-04 11:53:33.1717 INFO Valida si se tiene la base de para poder dar cambio o no
2023-12-04 11:53:33.6119 INFO MENÚ PRINCIPAL CARGADO
2023-12-04 11:53:33.6119 INFO Valida si se tiene la base de para poder dar cambio o no
2023-12-04 11:53:34.8739 INFO MENÚ PRINCIPAL CARGADO
2023-12-04 11:53:34.8739 INFO Valida si se tiene la base de para poder dar cambio o no
2023-12-04 11:53:40.8057 INFO INICIANDO APLICACIÓN
2023-12-04 11:53:41.1963 ERROR Error en la consulta del archivo de configuración Kiosco BAZ
2023-12-04 11:53:41.9530 INFO MENÚ PRINCIPAL CARGADO
2023-12-04 11:53:41.9530 INFO Valida si se tiene la base de para poder dar cambio o no
2023-12-04 11:53:56.1002 INFO MENÚ PRINCIPAL CARGADO
2023-12-04 11:53:56.1002 INFO Valida si se tiene la base de para poder dar cambio o no
2023-12-04 11:53:56.5087 INFO MENÚ PRINCIPAL CARGADO
2023-12-04 11:53:56.5087 INFO Valida si se tiene la base de para poder dar cambio o no
2023-12-04 11:53:56.9100 INFO MENÚ PRINCIPAL CARGADO
2023-12-04 11:53:56.9100 INFO Valida si se tiene la base de para poder dar cambio o no
2023-12-04 11:54:17.5422 INFO MENÚ PRINCIPAL CARGADO
2023-12-04 11:54:17.5422 INFO Valida si se tiene la base de para poder dar cambio o no
2023-12-04 11:54:21.3642 INFO MENÚ PRINCIPAL CARGADO
2023-12-04 11:54:21.3642 INFO Valida si se tiene la base de para poder dar cambio o no
2023-12-04 11:54:51.9049 INFO MENÚ PRINCIPAL CARGADO
2023-12-04 11:54:51.9049 INFO Valida si se tiene la base de para poder dar cambio o no
2023-12-04 11:57:42.5884 INFO INICIANDO APLICACIÓN
2023-12-04 11:57:42.8014 ERROR Error en la consulta del archivo de configuración Kiosco BAZ
2023-12-04 11:57:43.3603 INFO MENÚ PRINCIPAL CARGADO
2023-12-04 11:57:43.3603 INFO Valida si se tiene la base de para poder dar cambio o no
2023-12-04 11:58:28.2418 INFO INICIANDO APLICACIÓN
2023-12-04 11:58:28.6102 ERROR Error en la consulta del archivo de configuración Kiosco BAZ
2023-12-04 11:58:29.3354 INFO MENÚ PRINCIPAL CARGADO
2023-12-04 11:58:29.3354 INFO Valida si se tiene la base de para poder dar cambio o no
2023-12-04 12:03:23.9906 INFO INICIANDO APLICACIÓN
2023-12-04 12:03:24.2094 ERROR Error en la consulta del archivo de configuración Kiosco BAZ
2023-12-04 12:03:25.0691 INFO MENÚ PRINCIPAL CARGADO
2023-12-04 12:03:25.0691 INFO Valida si se tiene la base de para poder dar cambio o no
2023-12-04 12:12:03.0590 INFO INICIANDO APLICACIÓN
2023-12-04 12:12:03.2687 ERROR Error en la consulta del archivo de configuración Kiosco BAZ
2023-12-04 12:12:03.8373 INFO MENÚ PRINCIPAL CARGADO
2023-12-04 12:12:03.8373 INFO Valida si se tiene la base de para poder dar cambio o no
2023-12-04 12:13:39.0354 INFO INICIANDO APLICACIÓN
2023-12-04 12:13:39.2922 ERROR Error en la consulta del archivo de configuración Kiosco BAZ
2023-12-04 12:13:39.9194 INFO MENÚ PRINCIPAL CARGADO
2023-12-04 12:13:39.9194 INFO Valida si se tiene la base de para poder dar cambio o no
2023-12-04 12:14:22.1641 INFO INICIANDO APLICACIÓN
2023-12-04 12:14:22.3672 ERROR Error en la consulta del archivo de configuración Kiosco BAZ
2023-12-04 12:14:23.1175 INFO MENÚ PRINCIPAL CARGADO
2023-12-04 12:14:23.1175 INFO Valida si se tiene la base de para poder dar cambio o no
2023-12-04 12:15:44.4602 INFO INICIANDO APLICACIÓN
2023-12-04 12:15:44.6743 ERROR Error en la consulta del archivo de configuración Kiosco BAZ
2023-12-04 12:15:45.2193 INFO MENÚ PRINCIPAL CARGADO
2023-12-04 12:15:45.2193 INFO Valida si se tiene la base de para poder dar cambio o no
2023-12-04 12:17:31.2363 INFO INICIANDO APLICACIÓN
2023-12-04 12:17:31.4827 ERROR Error en la consulta del archivo de configuración Kiosco BAZ
2023-12-04 12:17:32.0185 INFO MENÚ PRINCIPAL CARGADO
2023-12-04 12:17:32.0185 INFO Valida si se tiene la base de para poder dar cambio o no
2023-12-04 12:20:21.1978 INFO INICIANDO APLICACIÓN
2023-12-04 12:20:21.6197 ERROR Error en la consulta del archivo de configuración Kiosco BAZ
2023-12-04 12:20:22.3540 INFO MENÚ PRINCIPAL CARGADO
2023-12-04 12:20:22.3540 INFO Valida si se tiene la base de para poder dar cambio o no
2023-12-04 12:22:26.9794 INFO 
- - - - - - - - - - - - - - - - - - - - - - - - - - - - - - - - - - - - - - - - - - -
- - - - - - - - - - - - -TRANSACCIÓN FINALIZADA POR TIEMPO- - - - - - - - - - - - - -
- - - - - - - - - - - - - - - - - - - - - - - - - - - - - - - - - - - - - - - - - - -
2023-12-04 12:22:27.9487 INFO MENÚ PRINCIPAL CARGADO
2023-12-04 12:22:27.9487 INFO Valida si se tiene la base de para poder dar cambio o no
2023-12-04 12:22:28.9481 ERROR InsertarDetalleTransaccionAsyncSinEspera
2023-12-04 12:22:28.9481 INFO Método: InsertarDetalleTransaccion.
2023-12-04 12:22:28.9481 INFO Información no insertada: id_transaccion: 0, id_tran_vcash: 0, detalle: Tiempo de inactividad cumplido, valor: 0, estado: Transacción cancelada.
2023-12-04 12:26:19.2358 INFO MENÚ PRINCIPAL CARGADO
2023-12-04 12:26:19.2358 INFO Valida si se tiene la base de para poder dar cambio o no
2023-12-04 12:26:20.8409 INFO MENÚ PRINCIPAL CARGADO
2023-12-04 12:26:20.8409 INFO Valida si se tiene la base de para poder dar cambio o no
2023-12-04 12:26:35.5687 INFO INICIANDO APLICACIÓN
2023-12-04 12:26:35.8500 ERROR Error en la consulta del archivo de configuración Kiosco BAZ
2023-12-04 12:26:36.6149 INFO MENÚ PRINCIPAL CARGADO
2023-12-04 12:26:36.6149 INFO Valida si se tiene la base de para poder dar cambio o no
2023-12-04 13:20:05.8868 INFO MENÚ PRINCIPAL CARGADO
2023-12-04 13:20:05.8868 INFO Valida si se tiene la base de para poder dar cambio o no
2023-12-04 13:20:12.4572 INFO MENÚ PRINCIPAL CARGADO
2023-12-04 13:20:12.4572 INFO Valida si se tiene la base de para poder dar cambio o no
2023-12-04 13:20:22.3848 INFO INICIANDO APLICACIÓN
2023-12-04 13:20:22.7756 ERROR Error en la consulta del archivo de configuración Kiosco BAZ
2023-12-04 13:20:23.3275 INFO MENÚ PRINCIPAL CARGADO
2023-12-04 13:20:23.3275 INFO Valida si se tiene la base de para poder dar cambio o no
2023-12-04 13:22:53.6148 INFO 
- - - - - - - - - - - - - - - - - - - - - - - - - - - - - - - - - - - - - - - - - - -
- - - - - - - - - - - - -TRANSACCIÓN FINALIZADA POR TIEMPO- - - - - - - - - - - - - -
- - - - - - - - - - - - - - - - - - - - - - - - - - - - - - - - - - - - - - - - - - -
2023-12-04 13:22:54.3842 INFO MENÚ PRINCIPAL CARGADO
2023-12-04 13:22:54.3842 INFO Valida si se tiene la base de para poder dar cambio o no
2023-12-04 13:22:54.6637 ERROR InsertarDetalleTransaccionAsyncSinEspera
2023-12-04 13:22:54.6637 INFO Método: InsertarDetalleTransaccion.
2023-12-04 13:22:54.6637 INFO Información no insertada: id_transaccion: 0, id_tran_vcash: 0, detalle: Tiempo de inactividad cumplido, valor: 0, estado: Transacción cancelada.
2023-12-04 13:23:40.0091 INFO MENÚ PRINCIPAL CARGADO
2023-12-04 13:23:40.0091 INFO Valida si se tiene la base de para poder dar cambio o no
2023-12-04 13:25:40.3506 INFO INICIANDO APLICACIÓN
2023-12-04 13:25:40.6162 ERROR Error en la consulta del archivo de configuración Kiosco BAZ
2023-12-04 13:25:41.4132 INFO MENÚ PRINCIPAL CARGADO
2023-12-04 13:25:41.4132 INFO Valida si se tiene la base de para poder dar cambio o no
2023-12-04 13:29:16.9208 INFO INICIANDO APLICACIÓN
2023-12-04 13:29:17.2528 ERROR Error en la consulta del archivo de configuración Kiosco BAZ
2023-12-04 13:29:17.9698 INFO MENÚ PRINCIPAL CARGADO
2023-12-04 13:29:17.9698 INFO Valida si se tiene la base de para poder dar cambio o no
2023-12-04 13:31:02.5131 INFO INICIANDO APLICACIÓN
2023-12-04 13:31:02.7293 ERROR Error en la consulta del archivo de configuración Kiosco BAZ
2023-12-04 13:31:03.4016 INFO MENÚ PRINCIPAL CARGADO
2023-12-04 13:31:03.4016 INFO Valida si se tiene la base de para poder dar cambio o no
2023-12-04 13:33:01.7419 INFO 
- - - - - - - - - - - - - - - - - - - - - - - - - - - - - - - - - - - - - - - - - - -
- - - - - - - - - - - - -TRANSACCIÓN FINALIZADA POR TIEMPO- - - - - - - - - - - - - -
- - - - - - - - - - - - - - - - - - - - - - - - - - - - - - - - - - - - - - - - - - -
2023-12-04 13:33:02.5584 INFO MENÚ PRINCIPAL CARGADO
2023-12-04 13:33:02.5584 INFO Valida si se tiene la base de para poder dar cambio o no
2023-12-04 13:33:02.5664 ERROR InsertarDetalleTransaccionAsyncSinEspera
2023-12-04 13:33:02.5664 INFO Método: InsertarDetalleTransaccion.
2023-12-04 13:33:02.5664 INFO Información no insertada: id_transaccion: 0, id_tran_vcash: 0, detalle: Tiempo de inactividad cumplido, valor: 0, estado: Transacción cancelada.
2023-12-04 13:35:01.9625 INFO 
- - - - - - - - - - - - - - - - - - - - - - - - - - - - - - - - - - - - - - - - - - -
- - - - - - - - - - - - -TRANSACCIÓN FINALIZADA POR TIEMPO- - - - - - - - - - - - - -
- - - - - - - - - - - - - - - - - - - - - - - - - - - - - - - - - - - - - - - - - - -
2023-12-04 13:35:02.0362 ERROR InsertarDetalleTransaccionAsyncSinEspera
2023-12-04 13:35:02.0362 INFO Método: InsertarDetalleTransaccion.
2023-12-04 13:35:02.0362 INFO Información no insertada: id_transaccion: 0, id_tran_vcash: 0, detalle: Tiempo de inactividad cumplido, valor: 0, estado: Transacción cancelada.
2023-12-04 13:35:02.0482 INFO MENÚ PRINCIPAL CARGADO
2023-12-04 13:35:02.0482 INFO Valida si se tiene la base de para poder dar cambio o no
2023-12-04 13:37:55.7496 INFO INICIANDO APLICACIÓN
2023-12-04 13:37:56.0102 ERROR Error en la consulta del archivo de configuración Kiosco BAZ
2023-12-04 13:37:56.5908 INFO MENÚ PRINCIPAL CARGADO
2023-12-04 13:37:56.5908 INFO Valida si se tiene la base de para poder dar cambio o no
2023-12-04 13:39:23.1522 INFO INICIANDO APLICACIÓN
2023-12-04 13:39:23.4351 ERROR Error en la consulta del archivo de configuración Kiosco BAZ
2023-12-04 13:39:24.0180 INFO MENÚ PRINCIPAL CARGADO
2023-12-04 13:39:24.0180 INFO Valida si se tiene la base de para poder dar cambio o no
2023-12-04 13:39:32.1357 INFO MENÚ PRINCIPAL CARGADO
2023-12-04 13:39:32.1357 INFO Valida si se tiene la base de para poder dar cambio o no
2023-12-04 13:41:32.1791 INFO 
- - - - - - - - - - - - - - - - - - - - - - - - - - - - - - - - - - - - - - - - - - -
- - - - - - - - - - - - -TRANSACCIÓN FINALIZADA POR TIEMPO- - - - - - - - - - - - - -
- - - - - - - - - - - - - - - - - - - - - - - - - - - - - - - - - - - - - - - - - - -
2023-12-04 13:41:32.9022 INFO MENÚ PRINCIPAL CARGADO
2023-12-04 13:41:32.9022 INFO Valida si se tiene la base de para poder dar cambio o no
2023-12-04 13:41:32.9142 ERROR InsertarDetalleTransaccionAsyncSinEspera
2023-12-04 13:41:32.9142 INFO Método: InsertarDetalleTransaccion.
2023-12-04 13:41:32.9142 INFO Información no insertada: id_transaccion: 0, id_tran_vcash: 0, detalle: Tiempo de inactividad cumplido, valor: 0, estado: Transacción cancelada.
2023-12-04 13:45:57.1137 INFO 
- - - - - - - - - - - - - - - - - - - - - - - - - - - - - - - - - - - - - - - - - - -
- - - - - - - - - - - - -TRANSACCIÓN FINALIZADA POR TIEMPO- - - - - - - - - - - - - -
- - - - - - - - - - - - - - - - - - - - - - - - - - - - - - - - - - - - - - - - - - -
2023-12-04 13:45:57.1841 ERROR InsertarDetalleTransaccionAsyncSinEspera
2023-12-04 13:45:57.1841 INFO Método: InsertarDetalleTransaccion.
2023-12-04 13:45:57.1841 INFO Información no insertada: id_transaccion: 0, id_tran_vcash: 0, detalle: Tiempo de inactividad cumplido, valor: 0, estado: Transacción cancelada.
2023-12-04 13:45:57.1991 INFO MENÚ PRINCIPAL CARGADO
2023-12-04 13:45:57.1991 INFO Valida si se tiene la base de para poder dar cambio o no
2023-12-04 13:51:04.5730 INFO 
- - - - - - - - - - - - - - - - - - - - - - - - - - - - - - - - - - - - - - - - - - -
- - - - - - - - - - - - -TRANSACCIÓN FINALIZADA POR TIEMPO- - - - - - - - - - - - - -
- - - - - - - - - - - - - - - - - - - - - - - - - - - - - - - - - - - - - - - - - - -
2023-12-04 13:51:04.6240 ERROR InsertarDetalleTransaccionAsyncSinEspera
2023-12-04 13:51:04.6240 INFO Método: InsertarDetalleTransaccion.
2023-12-04 13:51:04.6240 INFO Información no insertada: id_transaccion: 0, id_tran_vcash: 0, detalle: Tiempo de inactividad cumplido, valor: 0, estado: Transacción cancelada.
2023-12-04 13:51:04.6510 INFO MENÚ PRINCIPAL CARGADO
2023-12-04 13:51:04.6510 INFO Valida si se tiene la base de para poder dar cambio o no
2023-12-04 13:53:02.2134 INFO 
- - - - - - - - - - - - - - - - - - - - - - - - - - - - - - - - - - - - - - - - - - -
- - - - - - - - - - - - -TRANSACCIÓN FINALIZADA POR TIEMPO- - - - - - - - - - - - - -
- - - - - - - - - - - - - - - - - - - - - - - - - - - - - - - - - - - - - - - - - - -
2023-12-04 13:53:02.2721 ERROR InsertarDetalleTransaccionAsyncSinEspera
2023-12-04 13:53:02.2721 INFO Método: InsertarDetalleTransaccion.
2023-12-04 13:53:02.2721 INFO Información no insertada: id_transaccion: 0, id_tran_vcash: 0, detalle: Tiempo de inactividad cumplido, valor: 0, estado: Transacción cancelada.
2023-12-04 13:53:02.2871 INFO MENÚ PRINCIPAL CARGADO
2023-12-04 13:53:02.2871 INFO Valida si se tiene la base de para poder dar cambio o no
2023-12-04 13:54:27.5997 INFO INICIANDO APLICACIÓN
2023-12-04 13:54:27.9132 ERROR Error en la consulta del archivo de configuración Kiosco BAZ
2023-12-04 13:54:28.5171 INFO MENÚ PRINCIPAL CARGADO
2023-12-04 13:54:28.5171 INFO Valida si se tiene la base de para poder dar cambio o no
2023-12-04 13:56:54.8233 INFO 
- - - - - - - - - - - - - - - - - - - - - - - - - - - - - - - - - - - - - - - - - - -
- - - - - - - - - - - - -TRANSACCIÓN FINALIZADA POR TIEMPO- - - - - - - - - - - - - -
- - - - - - - - - - - - - - - - - - - - - - - - - - - - - - - - - - - - - - - - - - -
2023-12-04 13:56:55.7000 INFO MENÚ PRINCIPAL CARGADO
2023-12-04 13:56:55.7000 INFO Valida si se tiene la base de para poder dar cambio o no
2023-12-04 13:56:55.7060 ERROR InsertarDetalleTransaccionAsyncSinEspera
2023-12-04 13:56:55.7060 INFO Método: InsertarDetalleTransaccion.
2023-12-04 13:56:55.7060 INFO Información no insertada: id_transaccion: 0, id_tran_vcash: 0, detalle: Tiempo de inactividad cumplido, valor: 0, estado: Transacción cancelada.
2023-12-04 13:58:54.2918 INFO INICIANDO APLICACIÓN
2023-12-04 13:58:54.5643 ERROR Error en la consulta del archivo de configuración Kiosco BAZ
2023-12-04 13:58:55.2094 INFO MENÚ PRINCIPAL CARGADO
2023-12-04 13:58:55.2094 INFO Valida si se tiene la base de para poder dar cambio o no
2023-12-04 14:00:55.2182 INFO 
- - - - - - - - - - - - - - - - - - - - - - - - - - - - - - - - - - - - - - - - - - -
- - - - - - - - - - - - -TRANSACCIÓN FINALIZADA POR TIEMPO- - - - - - - - - - - - - -
- - - - - - - - - - - - - - - - - - - - - - - - - - - - - - - - - - - - - - - - - - -
2023-12-04 14:00:55.9877 INFO MENÚ PRINCIPAL CARGADO
2023-12-04 14:00:55.9877 INFO Valida si se tiene la base de para poder dar cambio o no
2023-12-04 14:00:55.9997 ERROR InsertarDetalleTransaccionAsyncSinEspera
2023-12-04 14:00:55.9997 INFO Método: InsertarDetalleTransaccion.
2023-12-04 14:00:55.9997 INFO Información no insertada: id_transaccion: 0, id_tran_vcash: 0, detalle: Tiempo de inactividad cumplido, valor: 0, estado: Transacción cancelada.
2023-12-04 14:09:11.2926 INFO INICIANDO APLICACIÓN
2023-12-04 14:09:11.5708 ERROR Error en la consulta del archivo de configuración Kiosco BAZ
2023-12-04 14:09:12.3169 INFO MENÚ PRINCIPAL CARGADO
2023-12-04 14:09:12.3169 INFO Valida si se tiene la base de para poder dar cambio o no
2023-12-04 14:19:13.9522 ERROR EstablecerImagenes
2023-12-04 14:19:25.0699 INFO INICIANDO APLICACIÓN
2023-12-04 14:19:25.3667 ERROR Error en la consulta del archivo de configuración Kiosco BAZ
2023-12-04 14:19:26.1744 INFO MENÚ PRINCIPAL CARGADO
2023-12-04 14:19:26.1744 INFO Valida si se tiene la base de para poder dar cambio o no
2023-12-04 14:20:52.1001 INFO INICIANDO APLICACIÓN
2023-12-04 14:20:52.4506 ERROR Error en la consulta del archivo de configuración Kiosco BAZ
2023-12-04 14:20:53.0724 INFO MENÚ PRINCIPAL CARGADO
2023-12-04 14:20:53.0724 INFO Valida si se tiene la base de para poder dar cambio o no
2023-12-04 14:21:44.9921 INFO INICIANDO APLICACIÓN
2023-12-04 14:21:45.2558 ERROR Error en la consulta del archivo de configuración Kiosco BAZ
2023-12-04 14:21:45.9042 INFO MENÚ PRINCIPAL CARGADO
2023-12-04 14:21:45.9042 INFO Valida si se tiene la base de para poder dar cambio o no
2023-12-04 14:23:07.7368 INFO INICIANDO APLICACIÓN
2023-12-04 14:23:08.2799 ERROR Error en la consulta del archivo de configuración Kiosco BAZ
2023-12-04 14:23:09.0463 INFO MENÚ PRINCIPAL CARGADO
2023-12-04 14:23:09.0463 INFO Valida si se tiene la base de para poder dar cambio o no
2023-12-04 14:27:24.3569 INFO INICIANDO APLICACIÓN
2023-12-04 14:27:24.8398 ERROR Error en la consulta del archivo de configuración Kiosco BAZ
2023-12-04 14:27:25.3902 INFO MENÚ PRINCIPAL CARGADO
2023-12-04 14:27:25.3902 INFO Valida si se tiene la base de para poder dar cambio o no
2023-12-04 14:28:53.1866 INFO INICIANDO APLICACIÓN
2023-12-04 14:28:53.4637 ERROR Error en la consulta del archivo de configuración Kiosco BAZ
2023-12-04 14:28:54.0181 INFO MENÚ PRINCIPAL CARGADO
2023-12-04 14:28:54.0181 INFO Valida si se tiene la base de para poder dar cambio o no
2023-12-04 14:29:16.0029 INFO INICIANDO APLICACIÓN
2023-12-04 14:29:16.2216 ERROR Error en la consulta del archivo de configuración Kiosco BAZ
2023-12-04 14:29:16.8154 INFO MENÚ PRINCIPAL CARGADO
2023-12-04 14:29:16.8154 INFO Valida si se tiene la base de para poder dar cambio o no
2023-12-04 14:29:18.4088 INFO MENÚ PRINCIPAL CARGADO
2023-12-04 14:29:18.4088 INFO Valida si se tiene la base de para poder dar cambio o no
2023-12-04 14:29:21.2839 INFO MENÚ PRINCIPAL CARGADO
2023-12-04 14:29:21.2839 INFO Valida si se tiene la base de para poder dar cambio o no
2023-12-04 14:30:27.8503 INFO CERRANDO VENTANA PRINCIPAL, sender: FacturasEnel.MainWindow
2023-12-04 14:30:27.8896 INFO CERRANDO APLICACIÓN, sender: FacturasEnel.App, e:0
2023-12-04 14:30:57.8835 INFO INICIANDO APLICACIÓN
2023-12-04 14:30:58.1538 ERROR Error en la consulta del archivo de configuración Kiosco BAZ
2023-12-04 14:30:58.7598 INFO MENÚ PRINCIPAL CARGADO
2023-12-04 14:30:58.7598 INFO Valida si se tiene la base de para poder dar cambio o no
2023-12-04 14:31:01.7035 ERROR EstablecerImagenes
2023-12-04 14:35:52.6017 INFO INICIANDO APLICACIÓN
2023-12-04 14:35:52.8536 ERROR Error en la consulta del archivo de configuración Kiosco BAZ
2023-12-04 14:35:53.4466 INFO MENÚ PRINCIPAL CARGADO
2023-12-04 14:35:53.4466 INFO Valida si se tiene la base de para poder dar cambio o no
2023-12-04 14:37:06.4197 INFO INICIANDO APLICACIÓN
2023-12-04 14:37:06.7157 ERROR Error en la consulta del archivo de configuración Kiosco BAZ
2023-12-04 14:37:07.3147 INFO MENÚ PRINCIPAL CARGADO
2023-12-04 14:37:07.3147 INFO Valida si se tiene la base de para poder dar cambio o no
2023-12-04 14:37:14.5013 INFO MENÚ PRINCIPAL CARGADO
2023-12-04 14:37:14.5013 INFO Valida si se tiene la base de para poder dar cambio o no
2023-12-04 14:37:16.3222 INFO MENÚ PRINCIPAL CARGADO
2023-12-04 14:37:16.3222 INFO Valida si se tiene la base de para poder dar cambio o no
2023-12-04 14:38:42.2990 INFO INICIANDO APLICACIÓN
2023-12-04 14:38:42.5315 ERROR Error en la consulta del archivo de configuración Kiosco BAZ
2023-12-04 14:38:43.3200 INFO MENÚ PRINCIPAL CARGADO
2023-12-04 14:38:43.3200 INFO Valida si se tiene la base de para poder dar cambio o no
2023-12-04 14:45:54.4569 INFO 
- - - - - - - - - - - - - - - - - - - - - - - - - - - - - - - - - - - - - - - - - - -
- - - - - - - - - - - - -TRANSACCIÓN FINALIZADA POR TIEMPO- - - - - - - - - - - - - -
- - - - - - - - - - - - - - - - - - - - - - - - - - - - - - - - - - - - - - - - - - -
2023-12-04 14:45:55.1846 INFO MENÚ PRINCIPAL CARGADO
2023-12-04 14:45:55.1846 INFO Valida si se tiene la base de para poder dar cambio o no
2023-12-04 14:45:55.1996 ERROR InsertarDetalleTransaccionAsyncSinEspera
2023-12-04 14:45:55.1996 INFO Método: InsertarDetalleTransaccion.
2023-12-04 14:45:55.1996 INFO Información no insertada: id_transaccion: 0, id_tran_vcash: 0, detalle: Tiempo de inactividad cumplido, valor: 0, estado: Transacción cancelada.
2023-12-04 14:46:24.4821 INFO CERRANDO VENTANA PRINCIPAL, sender: FacturasEnel.MainWindow
2023-12-04 14:46:24.5154 INFO CERRANDO APLICACIÓN, sender: FacturasEnel.App, e:0
2023-12-04 14:46:24.5678 ERROR InsertarEstadisticaAsyncSinEspera
2023-12-04 14:46:24.5678 INFO Método: InsertarEstadisticaLocal:
2023-12-04 14:46:24.5678 INFO Información no insertada: modulo: Main Program, descripcion:Cargando Aplicación, estado:OK, redondeo:
2023-12-04 14:51:46.7607 INFO INICIANDO APLICACIÓN
2023-12-04 14:51:47.0156 ERROR Error en la consulta del archivo de configuración Kiosco BAZ
2023-12-04 14:51:47.6896 INFO MENÚ PRINCIPAL CARGADO
2023-12-04 14:51:47.6896 INFO Valida si se tiene la base de para poder dar cambio o no
2023-12-04 15:11:15.3806 INFO INICIANDO APLICACIÓN
2023-12-04 15:11:15.6815 ERROR Error en la consulta del archivo de configuración Kiosco BAZ
2023-12-04 15:11:16.2907 INFO MENÚ PRINCIPAL CARGADO
2023-12-04 15:11:16.2907 INFO Valida si se tiene la base de para poder dar cambio o no
2023-12-04 15:19:41.4671 INFO INICIANDO APLICACIÓN
2023-12-04 15:19:41.7761 ERROR Error en la consulta del archivo de configuración Kiosco BAZ
2023-12-04 15:19:42.4376 INFO MENÚ PRINCIPAL CARGADO
2023-12-04 15:19:42.4376 INFO Valida si se tiene la base de para poder dar cambio o no
2023-12-04 15:19:46.0029 INFO MENÚ PRINCIPAL CARGADO
2023-12-04 15:19:46.0029 INFO Valida si se tiene la base de para poder dar cambio o no
2023-12-04 15:19:47.4356 INFO MENÚ PRINCIPAL CARGADO
2023-12-04 15:19:47.4356 INFO Valida si se tiene la base de para poder dar cambio o no
2023-12-04 15:19:49.2624 INFO MENÚ PRINCIPAL CARGADO
2023-12-04 15:19:49.2624 INFO Valida si se tiene la base de para poder dar cambio o no
2023-12-04 15:19:49.8236 INFO MENÚ PRINCIPAL CARGADO
2023-12-04 15:19:49.8236 INFO Valida si se tiene la base de para poder dar cambio o no
2023-12-04 15:19:50.4371 INFO MENÚ PRINCIPAL CARGADO
2023-12-04 15:19:50.4371 INFO Valida si se tiene la base de para poder dar cambio o no
2023-12-04 15:19:50.9995 INFO MENÚ PRINCIPAL CARGADO
2023-12-04 15:19:50.9995 INFO Valida si se tiene la base de para poder dar cambio o no
2023-12-04 15:21:51.3787 INFO INICIANDO APLICACIÓN
2023-12-04 15:21:51.6480 ERROR Error en la consulta del archivo de configuración Kiosco BAZ
2023-12-04 15:21:52.2336 INFO MENÚ PRINCIPAL CARGADO
2023-12-04 15:21:52.2336 INFO Valida si se tiene la base de para poder dar cambio o no
2023-12-04 15:23:08.5407 INFO INICIANDO APLICACIÓN
2023-12-04 15:23:08.9312 ERROR Error en la consulta del archivo de configuración Kiosco BAZ
2023-12-04 15:23:14.1009 INFO MENÚ PRINCIPAL CARGADO
2023-12-04 15:23:14.1009 INFO Valida si se tiene la base de para poder dar cambio o no
2023-12-04 15:24:26.8744 INFO INICIANDO APLICACIÓN
2023-12-04 15:24:27.2102 ERROR Error en la consulta del archivo de configuración Kiosco BAZ
2023-12-04 15:24:29.3886 INFO MENÚ PRINCIPAL CARGADO
2023-12-04 15:24:29.3886 INFO Valida si se tiene la base de para poder dar cambio o no
2023-12-04 15:25:12.0316 INFO INICIANDO APLICACIÓN
2023-12-04 15:25:12.3157 ERROR Error en la consulta del archivo de configuración Kiosco BAZ
2023-12-04 15:25:12.9720 INFO MENÚ PRINCIPAL CARGADO
2023-12-04 15:25:12.9720 INFO Valida si se tiene la base de para poder dar cambio o no
2023-12-04 15:25:14.7515 INFO MENÚ PRINCIPAL CARGADO
2023-12-04 15:25:14.7515 INFO Valida si se tiene la base de para poder dar cambio o no
2023-12-04 15:25:15.7966 INFO MENÚ PRINCIPAL CARGADO
2023-12-04 15:25:15.7966 INFO Valida si se tiene la base de para poder dar cambio o no
2023-12-04 15:25:48.4661 INFO INICIANDO APLICACIÓN
2023-12-04 15:25:48.7290 ERROR Error en la consulta del archivo de configuración Kiosco BAZ
2023-12-04 15:25:49.3104 INFO MENÚ PRINCIPAL CARGADO
2023-12-04 15:25:49.3114 INFO Valida si se tiene la base de para poder dar cambio o no
2023-12-04 15:25:57.8927 INFO MENÚ PRINCIPAL CARGADO
2023-12-04 15:25:57.8927 INFO Valida si se tiene la base de para poder dar cambio o no
2023-12-04 15:25:59.0767 INFO MENÚ PRINCIPAL CARGADO
2023-12-04 15:25:59.0767 INFO Valida si se tiene la base de para poder dar cambio o no
2023-12-04 15:26:43.7103 INFO INICIANDO APLICACIÓN
2023-12-04 15:26:44.2124 ERROR Error en la consulta del archivo de configuración Kiosco BAZ
2023-12-04 15:26:44.9390 INFO MENÚ PRINCIPAL CARGADO
2023-12-04 15:26:44.9390 INFO Valida si se tiene la base de para poder dar cambio o no
2023-12-04 15:27:48.5650 INFO INICIANDO APLICACIÓN
2023-12-04 15:27:48.8178 ERROR Error en la consulta del archivo de configuración Kiosco BAZ
2023-12-04 15:27:49.5031 INFO MENÚ PRINCIPAL CARGADO
2023-12-04 15:27:49.5031 INFO Valida si se tiene la base de para poder dar cambio o no
2023-12-04 15:28:11.3011 INFO MENÚ PRINCIPAL CARGADO
2023-12-04 15:28:11.3011 INFO Valida si se tiene la base de para poder dar cambio o no
2023-12-04 15:28:15.5993 INFO MENÚ PRINCIPAL CARGADO
2023-12-04 15:28:15.5993 INFO Valida si se tiene la base de para poder dar cambio o no
2023-12-04 15:31:05.9560 INFO INICIANDO APLICACIÓN
2023-12-04 15:31:06.2505 ERROR Error en la consulta del archivo de configuración Kiosco BAZ
2023-12-04 15:31:06.8905 INFO MENÚ PRINCIPAL CARGADO
2023-12-04 15:31:06.8905 INFO Valida si se tiene la base de para poder dar cambio o no
2023-12-04 15:31:34.7874 INFO INICIANDO APLICACIÓN
2023-12-04 15:31:34.9833 ERROR Error en la consulta del archivo de configuración Kiosco BAZ
2023-12-04 15:31:35.7930 INFO MENÚ PRINCIPAL CARGADO
2023-12-04 15:31:35.7930 INFO Valida si se tiene la base de para poder dar cambio o no
2023-12-04 15:34:28.8201 INFO INICIANDO APLICACIÓN
2023-12-04 15:34:29.2139 ERROR Error en la consulta del archivo de configuración Kiosco BAZ
2023-12-04 15:34:29.9501 INFO MENÚ PRINCIPAL CARGADO
2023-12-04 15:34:29.9501 INFO Valida si se tiene la base de para poder dar cambio o no
2023-12-04 15:39:55.6786 INFO INICIANDO APLICACIÓN
2023-12-04 15:39:55.9917 ERROR Error en la consulta del archivo de configuración Kiosco BAZ
2023-12-04 15:39:56.6440 INFO MENÚ PRINCIPAL CARGADO
2023-12-04 15:39:56.6440 INFO Valida si se tiene la base de para poder dar cambio o no
2023-12-04 15:41:17.6521 INFO INICIANDO APLICACIÓN
2023-12-04 15:41:17.9701 ERROR Error en la consulta del archivo de configuración Kiosco BAZ
2023-12-04 15:41:18.7201 INFO MENÚ PRINCIPAL CARGADO
2023-12-04 15:41:18.7201 INFO Valida si se tiene la base de para poder dar cambio o no
2023-12-04 15:45:26.6029 INFO INICIANDO APLICACIÓN
2023-12-04 15:45:26.8800 ERROR Error en la consulta del archivo de configuración Kiosco BAZ
2023-12-04 15:45:27.5544 INFO MENÚ PRINCIPAL CARGADO
2023-12-04 15:45:27.5544 INFO Valida si se tiene la base de para poder dar cambio o no
2023-12-04 15:45:43.9584 INFO INICIANDO APLICACIÓN
2023-12-04 15:45:44.2398 ERROR Error en la consulta del archivo de configuración Kiosco BAZ
2023-12-04 15:45:44.9382 INFO MENÚ PRINCIPAL CARGADO
2023-12-04 15:45:44.9382 INFO Valida si se tiene la base de para poder dar cambio o no
2023-12-04 15:48:06.4968 INFO INICIANDO APLICACIÓN
2023-12-04 15:48:06.7891 ERROR Error en la consulta del archivo de configuración Kiosco BAZ
2023-12-04 15:48:07.4161 INFO MENÚ PRINCIPAL CARGADO
2023-12-04 15:48:07.4161 INFO Valida si se tiene la base de para poder dar cambio o no
2023-12-04 15:50:45.9508 INFO INICIANDO APLICACIÓN
2023-12-04 15:50:46.4636 ERROR Error en la consulta del archivo de configuración Kiosco BAZ
2023-12-04 15:50:47.2380 INFO MENÚ PRINCIPAL CARGADO
2023-12-04 15:50:47.2380 INFO Valida si se tiene la base de para poder dar cambio o no
2023-12-04 15:51:42.4372 INFO INICIANDO APLICACIÓN
2023-12-04 15:51:42.7293 ERROR Error en la consulta del archivo de configuración Kiosco BAZ
2023-12-04 15:51:43.3058 INFO MENÚ PRINCIPAL CARGADO
2023-12-04 15:51:43.3058 INFO Valida si se tiene la base de para poder dar cambio o no
2023-12-04 15:53:30.3188 INFO INICIANDO APLICACIÓN
2023-12-04 15:53:30.5737 ERROR Error en la consulta del archivo de configuración Kiosco BAZ
2023-12-04 15:53:31.0934 INFO MENÚ PRINCIPAL CARGADO
2023-12-04 15:53:31.0934 INFO Valida si se tiene la base de para poder dar cambio o no
2023-12-04 15:54:06.9437 INFO INICIANDO APLICACIÓN
2023-12-04 15:54:07.1312 ERROR Error en la consulta del archivo de configuración Kiosco BAZ
2023-12-04 15:54:08.0106 INFO MENÚ PRINCIPAL CARGADO
2023-12-04 15:54:08.0106 INFO Valida si se tiene la base de para poder dar cambio o no
2023-12-04 15:56:24.6808 INFO INICIANDO APLICACIÓN
2023-12-04 15:56:24.9933 ERROR Error en la consulta del archivo de configuración Kiosco BAZ
2023-12-04 15:56:25.6565 INFO MENÚ PRINCIPAL CARGADO
2023-12-04 15:56:25.6565 INFO Valida si se tiene la base de para poder dar cambio o no
2023-12-04 15:57:24.1734 INFO INICIANDO APLICACIÓN
2023-12-04 15:57:24.4844 ERROR Error en la consulta del archivo de configuración Kiosco BAZ
2023-12-04 15:57:25.1455 INFO MENÚ PRINCIPAL CARGADO
2023-12-04 15:57:25.1455 INFO Valida si se tiene la base de para poder dar cambio o no
2023-12-04 15:57:28.5412 INFO MENÚ PRINCIPAL CARGADO
2023-12-04 15:57:28.5412 INFO Valida si se tiene la base de para poder dar cambio o no
2023-12-04 15:57:30.0792 INFO MENÚ PRINCIPAL CARGADO
2023-12-04 15:57:30.0792 INFO Valida si se tiene la base de para poder dar cambio o no
2023-12-04 15:57:30.6693 INFO MENÚ PRINCIPAL CARGADO
2023-12-04 15:57:30.6703 INFO Valida si se tiene la base de para poder dar cambio o no
2023-12-04 15:59:07.7609 INFO INICIANDO APLICACIÓN
2023-12-04 15:59:08.0577 ERROR Error en la consulta del archivo de configuración Kiosco BAZ
2023-12-04 15:59:08.6930 INFO MENÚ PRINCIPAL CARGADO
2023-12-04 15:59:08.6930 INFO Valida si se tiene la base de para poder dar cambio o no
2023-12-04 16:00:20.8497 INFO INICIANDO APLICACIÓN
2023-12-04 16:00:21.2336 ERROR Error en la consulta del archivo de configuración Kiosco BAZ
2023-12-04 16:00:21.9086 INFO MENÚ PRINCIPAL CARGADO
2023-12-04 16:00:21.9086 INFO Valida si se tiene la base de para poder dar cambio o no
2023-12-04 16:00:25.4291 INFO MENÚ PRINCIPAL CARGADO
2023-12-04 16:00:25.4291 INFO Valida si se tiene la base de para poder dar cambio o no
2023-12-04 16:00:31.8472 INFO INICIANDO APLICACIÓN
2023-12-04 16:00:32.1753 ERROR Error en la consulta del archivo de configuración Kiosco BAZ
2023-12-04 16:00:32.9746 INFO MENÚ PRINCIPAL CARGADO
2023-12-04 16:00:32.9746 INFO Valida si se tiene la base de para poder dar cambio o no
2023-12-04 16:01:27.6006 INFO INICIANDO APLICACIÓN
2023-12-04 16:01:27.9600 ERROR Error en la consulta del archivo de configuración Kiosco BAZ
2023-12-04 16:01:28.6572 INFO MENÚ PRINCIPAL CARGADO
2023-12-04 16:01:28.6572 INFO Valida si se tiene la base de para poder dar cambio o no
2023-12-04 16:09:13.2032 INFO INICIANDO APLICACIÓN
2023-12-04 16:09:13.4647 ERROR Error en la consulta del archivo de configuración Kiosco BAZ
2023-12-04 16:09:13.9671 INFO MENÚ PRINCIPAL CARGADO
2023-12-04 16:09:13.9671 INFO Valida si se tiene la base de para poder dar cambio o no
2023-12-04 16:11:00.4098 INFO INICIANDO APLICACIÓN
2023-12-04 16:11:00.6442 ERROR Error en la consulta del archivo de configuración Kiosco BAZ
2023-12-04 16:11:01.4810 INFO MENÚ PRINCIPAL CARGADO
2023-12-04 16:11:01.4810 INFO Valida si se tiene la base de para poder dar cambio o no
2023-12-04 16:11:18.6260 INFO MENÚ PRINCIPAL CARGADO
2023-12-04 16:11:18.6260 INFO Valida si se tiene la base de para poder dar cambio o no
2023-12-04 16:12:11.3062 INFO INICIANDO APLICACIÓN
2023-12-04 16:12:11.5539 ERROR Error en la consulta del archivo de configuración Kiosco BAZ
2023-12-04 16:12:12.1207 INFO MENÚ PRINCIPAL CARGADO
2023-12-04 16:12:12.1207 INFO Valida si se tiene la base de para poder dar cambio o no
2023-12-04 16:13:36.6898 INFO INICIANDO APLICACIÓN
2023-12-04 16:13:36.9621 ERROR Error en la consulta del archivo de configuración Kiosco BAZ
2023-12-04 16:13:37.5402 INFO MENÚ PRINCIPAL CARGADO
2023-12-04 16:13:37.5402 INFO Valida si se tiene la base de para poder dar cambio o no
2023-12-04 16:14:25.8742 INFO MENÚ PRINCIPAL CARGADO
2023-12-04 16:14:25.8742 INFO Valida si se tiene la base de para poder dar cambio o no
2023-12-04 16:16:23.5615 INFO 
- - - - - - - - - - - - - - - - - - - - - - - - - - - - - - - - - - - - - - - - - - -
- - - - - - - - - - - - -TRANSACCIÓN FINALIZADA POR TIEMPO- - - - - - - - - - - - - -
- - - - - - - - - - - - - - - - - - - - - - - - - - - - - - - - - - - - - - - - - - -
2023-12-04 16:16:24.2432 INFO MENÚ PRINCIPAL CARGADO
2023-12-04 16:16:24.2432 INFO Valida si se tiene la base de para poder dar cambio o no
2023-12-04 16:16:24.5370 ERROR InsertarDetalleTransaccionAsyncSinEspera
2023-12-04 16:16:24.5370 INFO Método: InsertarDetalleTransaccion.
2023-12-04 16:16:24.5370 INFO Información no insertada: id_transaccion: 0, id_tran_vcash: 0, detalle: Tiempo de inactividad cumplido, valor: 0, estado: Transacción cancelada.
2023-12-04 16:39:42.4139 INFO INICIANDO APLICACIÓN
2023-12-04 16:39:42.7576 ERROR Error en la consulta del archivo de configuración Kiosco BAZ
2023-12-04 16:39:43.4286 INFO MENÚ PRINCIPAL CARGADO
2023-12-04 16:39:43.4286 INFO Valida si se tiene la base de para poder dar cambio o no
2023-12-04 16:39:47.0304 INFO MENÚ PRINCIPAL CARGADO
2023-12-04 16:39:47.0304 INFO Valida si se tiene la base de para poder dar cambio o no
2023-12-04 16:39:52.9830 INFO MENÚ PRINCIPAL CARGADO
2023-12-04 16:39:52.9830 INFO Valida si se tiene la base de para poder dar cambio o no
2023-12-04 16:40:13.3095 INFO MENÚ PRINCIPAL CARGADO
2023-12-04 16:40:13.3095 INFO Valida si se tiene la base de para poder dar cambio o no
2023-12-04 16:45:04.1321 ERROR EstablecerImagenes
2023-12-04 16:45:42.1896 INFO INICIANDO APLICACIÓN
2023-12-04 16:45:42.3994 ERROR Error en la consulta del archivo de configuración Kiosco BAZ
2023-12-04 16:45:42.9636 INFO MENÚ PRINCIPAL CARGADO
2023-12-04 16:45:42.9636 INFO Valida si se tiene la base de para poder dar cambio o no
2023-12-04 16:45:47.5318 INFO MENÚ PRINCIPAL CARGADO
2023-12-04 16:45:47.5318 INFO Valida si se tiene la base de para poder dar cambio o no
2023-12-04 16:45:48.1712 INFO MENÚ PRINCIPAL CARGADO
2023-12-04 16:45:48.1712 INFO Valida si se tiene la base de para poder dar cambio o no
2023-12-04 16:47:44.8601 INFO 
- - - - - - - - - - - - - - - - - - - - - - - - - - - - - - - - - - - - - - - - - - -
- - - - - - - - - - - - -TRANSACCIÓN FINALIZADA POR TIEMPO- - - - - - - - - - - - - -
- - - - - - - - - - - - - - - - - - - - - - - - - - - - - - - - - - - - - - - - - - -
2023-12-04 16:47:45.6110 INFO MENÚ PRINCIPAL CARGADO
2023-12-04 16:47:45.6110 INFO Valida si se tiene la base de para poder dar cambio o no
2023-12-04 16:47:45.9298 ERROR InsertarDetalleTransaccionAsyncSinEspera
2023-12-04 16:47:45.9298 INFO Método: InsertarDetalleTransaccion.
2023-12-04 16:47:45.9298 INFO Información no insertada: id_transaccion: 0, id_tran_vcash: 0, detalle: Tiempo de inactividad cumplido, valor: 0, estado: Transacción cancelada.
2023-12-04 17:08:41.5478 INFO CERRANDO VENTANA PRINCIPAL, sender: FacturasEnel.MainWindow
2023-12-04 17:08:41.5903 INFO CERRANDO APLICACIÓN, sender: FacturasEnel.App, e:0
2023-12-04 17:08:41.6606 ERROR InsertarEstadisticaAsyncSinEspera
2023-12-04 17:08:41.6606 INFO Método: InsertarEstadisticaLocal:
2023-12-04 17:08:41.6606 INFO Información no insertada: modulo: Main Program, descripcion:Cargando Aplicación, estado:OK, redondeo:
